{"asctime": "2023-10-26 16:01:46,317", "name": "ROUTER", "levelname": "INFO", "message": "Failed to load custom endpoints: module 'settings' has no attribute 'COPILOT_DIRECTORY'"}
{"asctime": "2023-10-26 16:01:46,317", "name": "ROUTER", "levelname": "INFO", "message": "Failed to load custom endpoints: module 'settings' has no attribute 'COPILOT_DIRECTORY'"}
{"asctime": "2023-10-26 16:02:02,919", "name": "ROUTER", "levelname": "INFO", "message": "Failed to load custom endpoints: module 'settings' has no attribute 'COPILOT_DIRECTORY'"}
{"asctime": "2023-10-26 16:02:02,919", "name": "ROUTER", "levelname": "INFO", "message": "Failed to load custom endpoints: module 'settings' has no attribute 'COPILOT_DIRECTORY'"}
{"asctime": "2023-10-26 16:06:12,949", "name": "ROUTER", "levelname": "INFO", "message": "REQUEST RATE LIMITTING INFO:  defaultdict(<class 'list'>, {})"}
{"asctime": "2023-10-26 16:06:12,949", "name": "ROUTER", "levelname": "INFO", "message": "REQUEST RATE LIMITTING INFO:  defaultdict(<class 'list'>, {})"}
{"asctime": "2023-10-26 16:06:12,949", "name": "ROUTER", "levelname": "INFO", "message": "REQUEST RATE LIMITTING INFO:  defaultdict(<class 'list'>, {})"}
{"asctime": "2023-10-26 16:06:12,949", "name": "ROUTER", "levelname": "INFO", "message": "REQUEST RATE LIMITTING INFO:  defaultdict(<class 'list'>, {})"}
{"asctime": "2023-10-26 16:06:12,949", "name": "ROUTER", "levelname": "INFO", "message": "REQUEST STARTED request_id=a753cf6e-4b6b-48a0-ad0b-a06836efb580 request_path=/ ip= country=None "}
{"asctime": "2023-10-26 16:06:12,949", "name": "ROUTER", "levelname": "INFO", "message": "REQUEST STARTED request_id=a753cf6e-4b6b-48a0-ad0b-a06836efb580 request_path=/ ip= country=None "}
{"asctime": "2023-10-26 16:06:12,949", "name": "ROUTER", "levelname": "INFO", "message": "REQUEST STARTED request_id=a753cf6e-4b6b-48a0-ad0b-a06836efb580 request_path=/ ip= country=None "}
{"asctime": "2023-10-26 16:06:12,949", "name": "ROUTER", "levelname": "INFO", "message": "REQUEST STARTED request_id=a753cf6e-4b6b-48a0-ad0b-a06836efb580 request_path=/ ip= country=None "}
{"asctime": "2023-10-26 16:06:12,950", "name": "ROUTER", "levelname": "INFO", "message": "REQUEST COMPLETED request_id=a753cf6e-4b6b-48a0-ad0b-a06836efb580 request_path=/ completed_in=1.02ms status_code=200"}
{"asctime": "2023-10-26 16:06:12,950", "name": "ROUTER", "levelname": "INFO", "message": "REQUEST COMPLETED request_id=a753cf6e-4b6b-48a0-ad0b-a06836efb580 request_path=/ completed_in=1.02ms status_code=200"}
{"asctime": "2023-10-26 16:06:12,950", "name": "ROUTER", "levelname": "INFO", "message": "REQUEST COMPLETED request_id=a753cf6e-4b6b-48a0-ad0b-a06836efb580 request_path=/ completed_in=1.02ms status_code=200"}
{"asctime": "2023-10-26 16:06:12,950", "name": "ROUTER", "levelname": "INFO", "message": "REQUEST COMPLETED request_id=a753cf6e-4b6b-48a0-ad0b-a06836efb580 request_path=/ completed_in=1.02ms status_code=200"}
{"asctime": "2023-10-26 16:06:15,533", "name": "ROUTER", "levelname": "INFO", "message": "REQUEST RATE LIMITTING INFO:  defaultdict(<class 'list'>, {})"}
{"asctime": "2023-10-26 16:06:15,533", "name": "ROUTER", "levelname": "INFO", "message": "REQUEST RATE LIMITTING INFO:  defaultdict(<class 'list'>, {})"}
{"asctime": "2023-10-26 16:06:15,533", "name": "ROUTER", "levelname": "INFO", "message": "REQUEST RATE LIMITTING INFO:  defaultdict(<class 'list'>, {})"}
{"asctime": "2023-10-26 16:06:15,533", "name": "ROUTER", "levelname": "INFO", "message": "REQUEST RATE LIMITTING INFO:  defaultdict(<class 'list'>, {})"}
{"asctime": "2023-10-26 16:06:15,534", "name": "ROUTER", "levelname": "INFO", "message": "REQUEST STARTED request_id=084b8209-6ff9-47ed-9c22-bfb84ba386d0 request_path=/docs ip= country=None "}
{"asctime": "2023-10-26 16:06:15,534", "name": "ROUTER", "levelname": "INFO", "message": "REQUEST STARTED request_id=084b8209-6ff9-47ed-9c22-bfb84ba386d0 request_path=/docs ip= country=None "}
{"asctime": "2023-10-26 16:06:15,534", "name": "ROUTER", "levelname": "INFO", "message": "REQUEST STARTED request_id=084b8209-6ff9-47ed-9c22-bfb84ba386d0 request_path=/docs ip= country=None "}
{"asctime": "2023-10-26 16:06:15,534", "name": "ROUTER", "levelname": "INFO", "message": "REQUEST STARTED request_id=084b8209-6ff9-47ed-9c22-bfb84ba386d0 request_path=/docs ip= country=None "}
{"asctime": "2023-10-26 16:06:15,536", "name": "ROUTER", "levelname": "INFO", "message": "REQUEST COMPLETED request_id=084b8209-6ff9-47ed-9c22-bfb84ba386d0 request_path=/docs completed_in=1.57ms status_code=200"}
{"asctime": "2023-10-26 16:06:15,536", "name": "ROUTER", "levelname": "INFO", "message": "REQUEST COMPLETED request_id=084b8209-6ff9-47ed-9c22-bfb84ba386d0 request_path=/docs completed_in=1.57ms status_code=200"}
{"asctime": "2023-10-26 16:06:15,536", "name": "ROUTER", "levelname": "INFO", "message": "REQUEST COMPLETED request_id=084b8209-6ff9-47ed-9c22-bfb84ba386d0 request_path=/docs completed_in=1.57ms status_code=200"}
{"asctime": "2023-10-26 16:06:15,536", "name": "ROUTER", "levelname": "INFO", "message": "REQUEST COMPLETED request_id=084b8209-6ff9-47ed-9c22-bfb84ba386d0 request_path=/docs completed_in=1.57ms status_code=200"}
{"asctime": "2023-10-26 16:06:15,799", "name": "ROUTER", "levelname": "INFO", "message": "REQUEST RATE LIMITTING INFO:  defaultdict(<class 'list'>, {})"}
{"asctime": "2023-10-26 16:06:15,799", "name": "ROUTER", "levelname": "INFO", "message": "REQUEST RATE LIMITTING INFO:  defaultdict(<class 'list'>, {})"}
{"asctime": "2023-10-26 16:06:15,799", "name": "ROUTER", "levelname": "INFO", "message": "REQUEST RATE LIMITTING INFO:  defaultdict(<class 'list'>, {})"}
{"asctime": "2023-10-26 16:06:15,799", "name": "ROUTER", "levelname": "INFO", "message": "REQUEST RATE LIMITTING INFO:  defaultdict(<class 'list'>, {})"}
{"asctime": "2023-10-26 16:06:15,800", "name": "ROUTER", "levelname": "INFO", "message": "REQUEST STARTED request_id=7fa0ebdc-2877-413e-b488-9f7c57303eb7 request_path=/openapi.json ip= country=None "}
{"asctime": "2023-10-26 16:06:15,800", "name": "ROUTER", "levelname": "INFO", "message": "REQUEST STARTED request_id=7fa0ebdc-2877-413e-b488-9f7c57303eb7 request_path=/openapi.json ip= country=None "}
{"asctime": "2023-10-26 16:06:15,800", "name": "ROUTER", "levelname": "INFO", "message": "REQUEST STARTED request_id=7fa0ebdc-2877-413e-b488-9f7c57303eb7 request_path=/openapi.json ip= country=None "}
{"asctime": "2023-10-26 16:06:15,800", "name": "ROUTER", "levelname": "INFO", "message": "REQUEST STARTED request_id=7fa0ebdc-2877-413e-b488-9f7c57303eb7 request_path=/openapi.json ip= country=None "}
{"asctime": "2023-10-26 16:06:15,805", "name": "ROUTER", "levelname": "INFO", "message": "REQUEST COMPLETED request_id=7fa0ebdc-2877-413e-b488-9f7c57303eb7 request_path=/openapi.json completed_in=4.98ms status_code=200"}
{"asctime": "2023-10-26 16:06:15,805", "name": "ROUTER", "levelname": "INFO", "message": "REQUEST COMPLETED request_id=7fa0ebdc-2877-413e-b488-9f7c57303eb7 request_path=/openapi.json completed_in=4.98ms status_code=200"}
{"asctime": "2023-10-26 16:06:15,805", "name": "ROUTER", "levelname": "INFO", "message": "REQUEST COMPLETED request_id=7fa0ebdc-2877-413e-b488-9f7c57303eb7 request_path=/openapi.json completed_in=4.98ms status_code=200"}
{"asctime": "2023-10-26 16:06:15,805", "name": "ROUTER", "levelname": "INFO", "message": "REQUEST COMPLETED request_id=7fa0ebdc-2877-413e-b488-9f7c57303eb7 request_path=/openapi.json completed_in=4.98ms status_code=200"}
{"asctime": "2023-10-26 16:18:05,815", "name": "ROUTER", "levelname": "INFO", "message": "REQUEST RATE LIMITTING INFO:  defaultdict(<class 'list'>, {})"}
{"asctime": "2023-10-26 16:18:05,815", "name": "ROUTER", "levelname": "INFO", "message": "REQUEST RATE LIMITTING INFO:  defaultdict(<class 'list'>, {})"}
{"asctime": "2023-10-26 16:18:05,815", "name": "ROUTER", "levelname": "INFO", "message": "REQUEST RATE LIMITTING INFO:  defaultdict(<class 'list'>, {})"}
{"asctime": "2023-10-26 16:18:05,815", "name": "ROUTER", "levelname": "INFO", "message": "REQUEST RATE LIMITTING INFO:  defaultdict(<class 'list'>, {})"}
{"asctime": "2023-10-26 16:18:05,816", "name": "ROUTER", "levelname": "INFO", "message": "REQUEST STARTED request_id=85c30c9c-b4fc-4ab8-babc-65cb6c290709 request_path=/docs ip= country=None "}
{"asctime": "2023-10-26 16:18:05,816", "name": "ROUTER", "levelname": "INFO", "message": "REQUEST STARTED request_id=85c30c9c-b4fc-4ab8-babc-65cb6c290709 request_path=/docs ip= country=None "}
{"asctime": "2023-10-26 16:18:05,816", "name": "ROUTER", "levelname": "INFO", "message": "REQUEST STARTED request_id=85c30c9c-b4fc-4ab8-babc-65cb6c290709 request_path=/docs ip= country=None "}
{"asctime": "2023-10-26 16:18:05,816", "name": "ROUTER", "levelname": "INFO", "message": "REQUEST STARTED request_id=85c30c9c-b4fc-4ab8-babc-65cb6c290709 request_path=/docs ip= country=None "}
{"asctime": "2023-10-26 16:18:05,817", "name": "ROUTER", "levelname": "INFO", "message": "REQUEST COMPLETED request_id=85c30c9c-b4fc-4ab8-babc-65cb6c290709 request_path=/docs completed_in=0.51ms status_code=200"}
{"asctime": "2023-10-26 16:18:05,817", "name": "ROUTER", "levelname": "INFO", "message": "REQUEST COMPLETED request_id=85c30c9c-b4fc-4ab8-babc-65cb6c290709 request_path=/docs completed_in=0.51ms status_code=200"}
{"asctime": "2023-10-26 16:18:05,817", "name": "ROUTER", "levelname": "INFO", "message": "REQUEST COMPLETED request_id=85c30c9c-b4fc-4ab8-babc-65cb6c290709 request_path=/docs completed_in=0.51ms status_code=200"}
{"asctime": "2023-10-26 16:18:05,817", "name": "ROUTER", "levelname": "INFO", "message": "REQUEST COMPLETED request_id=85c30c9c-b4fc-4ab8-babc-65cb6c290709 request_path=/docs completed_in=0.51ms status_code=200"}
{"asctime": "2023-10-26 16:18:06,042", "name": "ROUTER", "levelname": "INFO", "message": "REQUEST RATE LIMITTING INFO:  defaultdict(<class 'list'>, {})"}
{"asctime": "2023-10-26 16:18:06,042", "name": "ROUTER", "levelname": "INFO", "message": "REQUEST RATE LIMITTING INFO:  defaultdict(<class 'list'>, {})"}
{"asctime": "2023-10-26 16:18:06,042", "name": "ROUTER", "levelname": "INFO", "message": "REQUEST RATE LIMITTING INFO:  defaultdict(<class 'list'>, {})"}
{"asctime": "2023-10-26 16:18:06,042", "name": "ROUTER", "levelname": "INFO", "message": "REQUEST RATE LIMITTING INFO:  defaultdict(<class 'list'>, {})"}
{"asctime": "2023-10-26 16:18:06,043", "name": "ROUTER", "levelname": "INFO", "message": "REQUEST STARTED request_id=a51eea4c-cb89-4f83-b06c-655dfa00576c request_path=/openapi.json ip= country=None "}
{"asctime": "2023-10-26 16:18:06,043", "name": "ROUTER", "levelname": "INFO", "message": "REQUEST STARTED request_id=a51eea4c-cb89-4f83-b06c-655dfa00576c request_path=/openapi.json ip= country=None "}
{"asctime": "2023-10-26 16:18:06,043", "name": "ROUTER", "levelname": "INFO", "message": "REQUEST STARTED request_id=a51eea4c-cb89-4f83-b06c-655dfa00576c request_path=/openapi.json ip= country=None "}
{"asctime": "2023-10-26 16:18:06,043", "name": "ROUTER", "levelname": "INFO", "message": "REQUEST STARTED request_id=a51eea4c-cb89-4f83-b06c-655dfa00576c request_path=/openapi.json ip= country=None "}
{"asctime": "2023-10-26 16:18:06,047", "name": "ROUTER", "levelname": "INFO", "message": "REQUEST COMPLETED request_id=a51eea4c-cb89-4f83-b06c-655dfa00576c request_path=/openapi.json completed_in=4.40ms status_code=200"}
{"asctime": "2023-10-26 16:18:06,047", "name": "ROUTER", "levelname": "INFO", "message": "REQUEST COMPLETED request_id=a51eea4c-cb89-4f83-b06c-655dfa00576c request_path=/openapi.json completed_in=4.40ms status_code=200"}
{"asctime": "2023-10-26 16:18:06,047", "name": "ROUTER", "levelname": "INFO", "message": "REQUEST COMPLETED request_id=a51eea4c-cb89-4f83-b06c-655dfa00576c request_path=/openapi.json completed_in=4.40ms status_code=200"}
{"asctime": "2023-10-26 16:18:06,047", "name": "ROUTER", "levelname": "INFO", "message": "REQUEST COMPLETED request_id=a51eea4c-cb89-4f83-b06c-655dfa00576c request_path=/openapi.json completed_in=4.40ms status_code=200"}
{"asctime": "2023-10-26 16:18:14,953", "name": "ROUTER", "levelname": "INFO", "message": "REQUEST RATE LIMITTING INFO:  defaultdict(<class 'list'>, {})"}
{"asctime": "2023-10-26 16:18:14,953", "name": "ROUTER", "levelname": "INFO", "message": "REQUEST RATE LIMITTING INFO:  defaultdict(<class 'list'>, {})"}
{"asctime": "2023-10-26 16:18:14,953", "name": "ROUTER", "levelname": "INFO", "message": "REQUEST RATE LIMITTING INFO:  defaultdict(<class 'list'>, {})"}
{"asctime": "2023-10-26 16:18:14,953", "name": "ROUTER", "levelname": "INFO", "message": "REQUEST RATE LIMITTING INFO:  defaultdict(<class 'list'>, {})"}
{"asctime": "2023-10-26 16:18:14,954", "name": "ROUTER", "levelname": "INFO", "message": "REQUEST STARTED request_id=7e9834f7-8882-42d3-89f2-dcf739259d28 request_path=/docs ip= country=None "}
{"asctime": "2023-10-26 16:18:14,954", "name": "ROUTER", "levelname": "INFO", "message": "REQUEST STARTED request_id=7e9834f7-8882-42d3-89f2-dcf739259d28 request_path=/docs ip= country=None "}
{"asctime": "2023-10-26 16:18:14,954", "name": "ROUTER", "levelname": "INFO", "message": "REQUEST STARTED request_id=7e9834f7-8882-42d3-89f2-dcf739259d28 request_path=/docs ip= country=None "}
{"asctime": "2023-10-26 16:18:14,954", "name": "ROUTER", "levelname": "INFO", "message": "REQUEST STARTED request_id=7e9834f7-8882-42d3-89f2-dcf739259d28 request_path=/docs ip= country=None "}
{"asctime": "2023-10-26 16:18:14,955", "name": "ROUTER", "levelname": "INFO", "message": "REQUEST COMPLETED request_id=7e9834f7-8882-42d3-89f2-dcf739259d28 request_path=/docs completed_in=0.49ms status_code=200"}
{"asctime": "2023-10-26 16:18:14,955", "name": "ROUTER", "levelname": "INFO", "message": "REQUEST COMPLETED request_id=7e9834f7-8882-42d3-89f2-dcf739259d28 request_path=/docs completed_in=0.49ms status_code=200"}
{"asctime": "2023-10-26 16:18:14,955", "name": "ROUTER", "levelname": "INFO", "message": "REQUEST COMPLETED request_id=7e9834f7-8882-42d3-89f2-dcf739259d28 request_path=/docs completed_in=0.49ms status_code=200"}
{"asctime": "2023-10-26 16:18:14,955", "name": "ROUTER", "levelname": "INFO", "message": "REQUEST COMPLETED request_id=7e9834f7-8882-42d3-89f2-dcf739259d28 request_path=/docs completed_in=0.49ms status_code=200"}
{"asctime": "2023-10-26 16:18:15,120", "name": "ROUTER", "levelname": "INFO", "message": "REQUEST RATE LIMITTING INFO:  defaultdict(<class 'list'>, {})"}
{"asctime": "2023-10-26 16:18:15,120", "name": "ROUTER", "levelname": "INFO", "message": "REQUEST RATE LIMITTING INFO:  defaultdict(<class 'list'>, {})"}
{"asctime": "2023-10-26 16:18:15,120", "name": "ROUTER", "levelname": "INFO", "message": "REQUEST RATE LIMITTING INFO:  defaultdict(<class 'list'>, {})"}
{"asctime": "2023-10-26 16:18:15,120", "name": "ROUTER", "levelname": "INFO", "message": "REQUEST RATE LIMITTING INFO:  defaultdict(<class 'list'>, {})"}
{"asctime": "2023-10-26 16:18:15,120", "name": "ROUTER", "levelname": "INFO", "message": "REQUEST STARTED request_id=7706349e-2964-4029-a2d8-4978cd4f16c8 request_path=/openapi.json ip= country=None "}
{"asctime": "2023-10-26 16:18:15,120", "name": "ROUTER", "levelname": "INFO", "message": "REQUEST STARTED request_id=7706349e-2964-4029-a2d8-4978cd4f16c8 request_path=/openapi.json ip= country=None "}
{"asctime": "2023-10-26 16:18:15,120", "name": "ROUTER", "levelname": "INFO", "message": "REQUEST STARTED request_id=7706349e-2964-4029-a2d8-4978cd4f16c8 request_path=/openapi.json ip= country=None "}
{"asctime": "2023-10-26 16:18:15,120", "name": "ROUTER", "levelname": "INFO", "message": "REQUEST STARTED request_id=7706349e-2964-4029-a2d8-4978cd4f16c8 request_path=/openapi.json ip= country=None "}
{"asctime": "2023-10-26 16:18:15,122", "name": "ROUTER", "levelname": "INFO", "message": "REQUEST COMPLETED request_id=7706349e-2964-4029-a2d8-4978cd4f16c8 request_path=/openapi.json completed_in=2.17ms status_code=200"}
{"asctime": "2023-10-26 16:18:15,122", "name": "ROUTER", "levelname": "INFO", "message": "REQUEST COMPLETED request_id=7706349e-2964-4029-a2d8-4978cd4f16c8 request_path=/openapi.json completed_in=2.17ms status_code=200"}
{"asctime": "2023-10-26 16:18:15,122", "name": "ROUTER", "levelname": "INFO", "message": "REQUEST COMPLETED request_id=7706349e-2964-4029-a2d8-4978cd4f16c8 request_path=/openapi.json completed_in=2.17ms status_code=200"}
{"asctime": "2023-10-26 16:18:15,122", "name": "ROUTER", "levelname": "INFO", "message": "REQUEST COMPLETED request_id=7706349e-2964-4029-a2d8-4978cd4f16c8 request_path=/openapi.json completed_in=2.17ms status_code=200"}
{"asctime": "2023-10-26 16:19:01,484", "name": "ROUTER", "levelname": "INFO", "message": "REQUEST RATE LIMITTING INFO:  defaultdict(<class 'list'>, {})"}
{"asctime": "2023-10-26 16:19:01,484", "name": "ROUTER", "levelname": "INFO", "message": "REQUEST RATE LIMITTING INFO:  defaultdict(<class 'list'>, {})"}
{"asctime": "2023-10-26 16:19:01,484", "name": "ROUTER", "levelname": "INFO", "message": "REQUEST RATE LIMITTING INFO:  defaultdict(<class 'list'>, {})"}
{"asctime": "2023-10-26 16:19:01,484", "name": "ROUTER", "levelname": "INFO", "message": "REQUEST RATE LIMITTING INFO:  defaultdict(<class 'list'>, {})"}
{"asctime": "2023-10-26 16:19:01,485", "name": "ROUTER", "levelname": "INFO", "message": "REQUEST STARTED request_id=8639db40-318d-4f7d-b1d4-be398d55cbad request_path=/docs ip= country=None "}
{"asctime": "2023-10-26 16:19:01,485", "name": "ROUTER", "levelname": "INFO", "message": "REQUEST STARTED request_id=8639db40-318d-4f7d-b1d4-be398d55cbad request_path=/docs ip= country=None "}
{"asctime": "2023-10-26 16:19:01,485", "name": "ROUTER", "levelname": "INFO", "message": "REQUEST STARTED request_id=8639db40-318d-4f7d-b1d4-be398d55cbad request_path=/docs ip= country=None "}
{"asctime": "2023-10-26 16:19:01,485", "name": "ROUTER", "levelname": "INFO", "message": "REQUEST STARTED request_id=8639db40-318d-4f7d-b1d4-be398d55cbad request_path=/docs ip= country=None "}
{"asctime": "2023-10-26 16:19:01,485", "name": "ROUTER", "levelname": "INFO", "message": "REQUEST COMPLETED request_id=8639db40-318d-4f7d-b1d4-be398d55cbad request_path=/docs completed_in=0.25ms status_code=200"}
{"asctime": "2023-10-26 16:19:01,485", "name": "ROUTER", "levelname": "INFO", "message": "REQUEST COMPLETED request_id=8639db40-318d-4f7d-b1d4-be398d55cbad request_path=/docs completed_in=0.25ms status_code=200"}
{"asctime": "2023-10-26 16:19:01,485", "name": "ROUTER", "levelname": "INFO", "message": "REQUEST COMPLETED request_id=8639db40-318d-4f7d-b1d4-be398d55cbad request_path=/docs completed_in=0.25ms status_code=200"}
{"asctime": "2023-10-26 16:19:01,485", "name": "ROUTER", "levelname": "INFO", "message": "REQUEST COMPLETED request_id=8639db40-318d-4f7d-b1d4-be398d55cbad request_path=/docs completed_in=0.25ms status_code=200"}
{"asctime": "2023-10-26 16:19:01,762", "name": "ROUTER", "levelname": "INFO", "message": "REQUEST RATE LIMITTING INFO:  defaultdict(<class 'list'>, {})"}
{"asctime": "2023-10-26 16:19:01,762", "name": "ROUTER", "levelname": "INFO", "message": "REQUEST RATE LIMITTING INFO:  defaultdict(<class 'list'>, {})"}
{"asctime": "2023-10-26 16:19:01,762", "name": "ROUTER", "levelname": "INFO", "message": "REQUEST RATE LIMITTING INFO:  defaultdict(<class 'list'>, {})"}
{"asctime": "2023-10-26 16:19:01,762", "name": "ROUTER", "levelname": "INFO", "message": "REQUEST RATE LIMITTING INFO:  defaultdict(<class 'list'>, {})"}
{"asctime": "2023-10-26 16:19:01,764", "name": "ROUTER", "levelname": "INFO", "message": "REQUEST STARTED request_id=54bce67d-f9d6-4a3b-b848-ce4ad0b8ae76 request_path=/openapi.json ip= country=None "}
{"asctime": "2023-10-26 16:19:01,764", "name": "ROUTER", "levelname": "INFO", "message": "REQUEST STARTED request_id=54bce67d-f9d6-4a3b-b848-ce4ad0b8ae76 request_path=/openapi.json ip= country=None "}
{"asctime": "2023-10-26 16:19:01,764", "name": "ROUTER", "levelname": "INFO", "message": "REQUEST STARTED request_id=54bce67d-f9d6-4a3b-b848-ce4ad0b8ae76 request_path=/openapi.json ip= country=None "}
{"asctime": "2023-10-26 16:19:01,764", "name": "ROUTER", "levelname": "INFO", "message": "REQUEST STARTED request_id=54bce67d-f9d6-4a3b-b848-ce4ad0b8ae76 request_path=/openapi.json ip= country=None "}
{"asctime": "2023-10-26 16:19:01,772", "name": "ROUTER", "levelname": "INFO", "message": "REQUEST COMPLETED request_id=54bce67d-f9d6-4a3b-b848-ce4ad0b8ae76 request_path=/openapi.json completed_in=7.27ms status_code=200"}
{"asctime": "2023-10-26 16:19:01,772", "name": "ROUTER", "levelname": "INFO", "message": "REQUEST COMPLETED request_id=54bce67d-f9d6-4a3b-b848-ce4ad0b8ae76 request_path=/openapi.json completed_in=7.27ms status_code=200"}
{"asctime": "2023-10-26 16:19:01,772", "name": "ROUTER", "levelname": "INFO", "message": "REQUEST COMPLETED request_id=54bce67d-f9d6-4a3b-b848-ce4ad0b8ae76 request_path=/openapi.json completed_in=7.27ms status_code=200"}
{"asctime": "2023-10-26 16:19:01,772", "name": "ROUTER", "levelname": "INFO", "message": "REQUEST COMPLETED request_id=54bce67d-f9d6-4a3b-b848-ce4ad0b8ae76 request_path=/openapi.json completed_in=7.27ms status_code=200"}
{"asctime": "2023-10-26 16:19:36,927", "name": "ROUTER", "levelname": "INFO", "message": "REQUEST RATE LIMITTING INFO:  defaultdict(<class 'list'>, {})"}
{"asctime": "2023-10-26 16:19:36,927", "name": "ROUTER", "levelname": "INFO", "message": "REQUEST RATE LIMITTING INFO:  defaultdict(<class 'list'>, {})"}
{"asctime": "2023-10-26 16:19:36,927", "name": "ROUTER", "levelname": "INFO", "message": "REQUEST RATE LIMITTING INFO:  defaultdict(<class 'list'>, {})"}
{"asctime": "2023-10-26 16:19:36,927", "name": "ROUTER", "levelname": "INFO", "message": "REQUEST RATE LIMITTING INFO:  defaultdict(<class 'list'>, {})"}
{"asctime": "2023-10-26 16:19:36,928", "name": "ROUTER", "levelname": "INFO", "message": "REQUEST STARTED request_id=2f5f5587-5311-4bb2-9a22-04fccaea7d08 request_path=/docs ip= country=None "}
{"asctime": "2023-10-26 16:19:36,928", "name": "ROUTER", "levelname": "INFO", "message": "REQUEST STARTED request_id=2f5f5587-5311-4bb2-9a22-04fccaea7d08 request_path=/docs ip= country=None "}
{"asctime": "2023-10-26 16:19:36,928", "name": "ROUTER", "levelname": "INFO", "message": "REQUEST STARTED request_id=2f5f5587-5311-4bb2-9a22-04fccaea7d08 request_path=/docs ip= country=None "}
{"asctime": "2023-10-26 16:19:36,928", "name": "ROUTER", "levelname": "INFO", "message": "REQUEST STARTED request_id=2f5f5587-5311-4bb2-9a22-04fccaea7d08 request_path=/docs ip= country=None "}
{"asctime": "2023-10-26 16:19:36,929", "name": "ROUTER", "levelname": "INFO", "message": "REQUEST COMPLETED request_id=2f5f5587-5311-4bb2-9a22-04fccaea7d08 request_path=/docs completed_in=0.44ms status_code=200"}
{"asctime": "2023-10-26 16:19:36,929", "name": "ROUTER", "levelname": "INFO", "message": "REQUEST COMPLETED request_id=2f5f5587-5311-4bb2-9a22-04fccaea7d08 request_path=/docs completed_in=0.44ms status_code=200"}
{"asctime": "2023-10-26 16:19:36,929", "name": "ROUTER", "levelname": "INFO", "message": "REQUEST COMPLETED request_id=2f5f5587-5311-4bb2-9a22-04fccaea7d08 request_path=/docs completed_in=0.44ms status_code=200"}
{"asctime": "2023-10-26 16:19:36,929", "name": "ROUTER", "levelname": "INFO", "message": "REQUEST COMPLETED request_id=2f5f5587-5311-4bb2-9a22-04fccaea7d08 request_path=/docs completed_in=0.44ms status_code=200"}
{"asctime": "2023-10-26 16:19:37,100", "name": "ROUTER", "levelname": "INFO", "message": "REQUEST RATE LIMITTING INFO:  defaultdict(<class 'list'>, {})"}
{"asctime": "2023-10-26 16:19:37,100", "name": "ROUTER", "levelname": "INFO", "message": "REQUEST RATE LIMITTING INFO:  defaultdict(<class 'list'>, {})"}
{"asctime": "2023-10-26 16:19:37,100", "name": "ROUTER", "levelname": "INFO", "message": "REQUEST RATE LIMITTING INFO:  defaultdict(<class 'list'>, {})"}
{"asctime": "2023-10-26 16:19:37,100", "name": "ROUTER", "levelname": "INFO", "message": "REQUEST RATE LIMITTING INFO:  defaultdict(<class 'list'>, {})"}
{"asctime": "2023-10-26 16:19:37,101", "name": "ROUTER", "levelname": "INFO", "message": "REQUEST STARTED request_id=ceb5f726-fbfc-44c5-b449-f32195d0cbc9 request_path=/openapi.json ip= country=None "}
{"asctime": "2023-10-26 16:19:37,101", "name": "ROUTER", "levelname": "INFO", "message": "REQUEST STARTED request_id=ceb5f726-fbfc-44c5-b449-f32195d0cbc9 request_path=/openapi.json ip= country=None "}
{"asctime": "2023-10-26 16:19:37,101", "name": "ROUTER", "levelname": "INFO", "message": "REQUEST STARTED request_id=ceb5f726-fbfc-44c5-b449-f32195d0cbc9 request_path=/openapi.json ip= country=None "}
{"asctime": "2023-10-26 16:19:37,101", "name": "ROUTER", "levelname": "INFO", "message": "REQUEST STARTED request_id=ceb5f726-fbfc-44c5-b449-f32195d0cbc9 request_path=/openapi.json ip= country=None "}
{"asctime": "2023-10-26 16:19:37,103", "name": "ROUTER", "levelname": "INFO", "message": "REQUEST COMPLETED request_id=ceb5f726-fbfc-44c5-b449-f32195d0cbc9 request_path=/openapi.json completed_in=2.38ms status_code=200"}
{"asctime": "2023-10-26 16:19:37,103", "name": "ROUTER", "levelname": "INFO", "message": "REQUEST COMPLETED request_id=ceb5f726-fbfc-44c5-b449-f32195d0cbc9 request_path=/openapi.json completed_in=2.38ms status_code=200"}
{"asctime": "2023-10-26 16:19:37,103", "name": "ROUTER", "levelname": "INFO", "message": "REQUEST COMPLETED request_id=ceb5f726-fbfc-44c5-b449-f32195d0cbc9 request_path=/openapi.json completed_in=2.38ms status_code=200"}
{"asctime": "2023-10-26 16:19:37,103", "name": "ROUTER", "levelname": "INFO", "message": "REQUEST COMPLETED request_id=ceb5f726-fbfc-44c5-b449-f32195d0cbc9 request_path=/openapi.json completed_in=2.38ms status_code=200"}
{"asctime": "2023-10-26 16:22:18,696", "name": "ROUTER", "levelname": "INFO", "message": "REQUEST RATE LIMITTING INFO:  defaultdict(<class 'list'>, {})"}
{"asctime": "2023-10-26 16:22:18,696", "name": "ROUTER", "levelname": "INFO", "message": "REQUEST RATE LIMITTING INFO:  defaultdict(<class 'list'>, {})"}
{"asctime": "2023-10-26 16:22:18,696", "name": "ROUTER", "levelname": "INFO", "message": "REQUEST RATE LIMITTING INFO:  defaultdict(<class 'list'>, {})"}
{"asctime": "2023-10-26 16:22:18,696", "name": "ROUTER", "levelname": "INFO", "message": "REQUEST RATE LIMITTING INFO:  defaultdict(<class 'list'>, {})"}
{"asctime": "2023-10-26 16:22:18,697", "name": "ROUTER", "levelname": "INFO", "message": "REQUEST STARTED request_id=06f86135-f5d4-4da3-9edf-b4f9705f0671 request_path=/docs ip= country=None "}
{"asctime": "2023-10-26 16:22:18,697", "name": "ROUTER", "levelname": "INFO", "message": "REQUEST STARTED request_id=06f86135-f5d4-4da3-9edf-b4f9705f0671 request_path=/docs ip= country=None "}
{"asctime": "2023-10-26 16:22:18,697", "name": "ROUTER", "levelname": "INFO", "message": "REQUEST STARTED request_id=06f86135-f5d4-4da3-9edf-b4f9705f0671 request_path=/docs ip= country=None "}
{"asctime": "2023-10-26 16:22:18,697", "name": "ROUTER", "levelname": "INFO", "message": "REQUEST STARTED request_id=06f86135-f5d4-4da3-9edf-b4f9705f0671 request_path=/docs ip= country=None "}
{"asctime": "2023-10-26 16:22:18,697", "name": "ROUTER", "levelname": "INFO", "message": "REQUEST COMPLETED request_id=06f86135-f5d4-4da3-9edf-b4f9705f0671 request_path=/docs completed_in=0.29ms status_code=200"}
{"asctime": "2023-10-26 16:22:18,697", "name": "ROUTER", "levelname": "INFO", "message": "REQUEST COMPLETED request_id=06f86135-f5d4-4da3-9edf-b4f9705f0671 request_path=/docs completed_in=0.29ms status_code=200"}
{"asctime": "2023-10-26 16:22:18,697", "name": "ROUTER", "levelname": "INFO", "message": "REQUEST COMPLETED request_id=06f86135-f5d4-4da3-9edf-b4f9705f0671 request_path=/docs completed_in=0.29ms status_code=200"}
{"asctime": "2023-10-26 16:22:18,697", "name": "ROUTER", "levelname": "INFO", "message": "REQUEST COMPLETED request_id=06f86135-f5d4-4da3-9edf-b4f9705f0671 request_path=/docs completed_in=0.29ms status_code=200"}
{"asctime": "2023-10-26 16:22:18,862", "name": "ROUTER", "levelname": "INFO", "message": "REQUEST RATE LIMITTING INFO:  defaultdict(<class 'list'>, {})"}
{"asctime": "2023-10-26 16:22:18,862", "name": "ROUTER", "levelname": "INFO", "message": "REQUEST RATE LIMITTING INFO:  defaultdict(<class 'list'>, {})"}
{"asctime": "2023-10-26 16:22:18,862", "name": "ROUTER", "levelname": "INFO", "message": "REQUEST RATE LIMITTING INFO:  defaultdict(<class 'list'>, {})"}
{"asctime": "2023-10-26 16:22:18,862", "name": "ROUTER", "levelname": "INFO", "message": "REQUEST RATE LIMITTING INFO:  defaultdict(<class 'list'>, {})"}
{"asctime": "2023-10-26 16:22:18,863", "name": "ROUTER", "levelname": "INFO", "message": "REQUEST STARTED request_id=9ab535fa-7ea6-4c9c-ba82-c95fcefd0558 request_path=/openapi.json ip= country=None "}
{"asctime": "2023-10-26 16:22:18,863", "name": "ROUTER", "levelname": "INFO", "message": "REQUEST STARTED request_id=9ab535fa-7ea6-4c9c-ba82-c95fcefd0558 request_path=/openapi.json ip= country=None "}
{"asctime": "2023-10-26 16:22:18,863", "name": "ROUTER", "levelname": "INFO", "message": "REQUEST STARTED request_id=9ab535fa-7ea6-4c9c-ba82-c95fcefd0558 request_path=/openapi.json ip= country=None "}
{"asctime": "2023-10-26 16:22:18,863", "name": "ROUTER", "levelname": "INFO", "message": "REQUEST STARTED request_id=9ab535fa-7ea6-4c9c-ba82-c95fcefd0558 request_path=/openapi.json ip= country=None "}
{"asctime": "2023-10-26 16:22:18,876", "name": "ROUTER", "levelname": "INFO", "message": "REQUEST COMPLETED request_id=9ab535fa-7ea6-4c9c-ba82-c95fcefd0558 request_path=/openapi.json completed_in=12.95ms status_code=200"}
{"asctime": "2023-10-26 16:22:18,876", "name": "ROUTER", "levelname": "INFO", "message": "REQUEST COMPLETED request_id=9ab535fa-7ea6-4c9c-ba82-c95fcefd0558 request_path=/openapi.json completed_in=12.95ms status_code=200"}
{"asctime": "2023-10-26 16:22:18,876", "name": "ROUTER", "levelname": "INFO", "message": "REQUEST COMPLETED request_id=9ab535fa-7ea6-4c9c-ba82-c95fcefd0558 request_path=/openapi.json completed_in=12.95ms status_code=200"}
{"asctime": "2023-10-26 16:22:18,876", "name": "ROUTER", "levelname": "INFO", "message": "REQUEST COMPLETED request_id=9ab535fa-7ea6-4c9c-ba82-c95fcefd0558 request_path=/openapi.json completed_in=12.95ms status_code=200"}
{"asctime": "2023-10-26 16:22:52,044", "name": "ROUTER", "levelname": "INFO", "message": "REQUEST RATE LIMITTING INFO:  defaultdict(<class 'list'>, {})"}
{"asctime": "2023-10-26 16:22:52,044", "name": "ROUTER", "levelname": "INFO", "message": "REQUEST RATE LIMITTING INFO:  defaultdict(<class 'list'>, {})"}
{"asctime": "2023-10-26 16:22:52,044", "name": "ROUTER", "levelname": "INFO", "message": "REQUEST RATE LIMITTING INFO:  defaultdict(<class 'list'>, {})"}
{"asctime": "2023-10-26 16:22:52,044", "name": "ROUTER", "levelname": "INFO", "message": "REQUEST RATE LIMITTING INFO:  defaultdict(<class 'list'>, {})"}
{"asctime": "2023-10-26 16:22:52,045", "name": "ROUTER", "levelname": "INFO", "message": "REQUEST STARTED request_id=e7142ffe-dcbe-469d-9206-df3ba81b94b0 request_path=/docs ip= country=None "}
{"asctime": "2023-10-26 16:22:52,045", "name": "ROUTER", "levelname": "INFO", "message": "REQUEST STARTED request_id=e7142ffe-dcbe-469d-9206-df3ba81b94b0 request_path=/docs ip= country=None "}
{"asctime": "2023-10-26 16:22:52,045", "name": "ROUTER", "levelname": "INFO", "message": "REQUEST STARTED request_id=e7142ffe-dcbe-469d-9206-df3ba81b94b0 request_path=/docs ip= country=None "}
{"asctime": "2023-10-26 16:22:52,045", "name": "ROUTER", "levelname": "INFO", "message": "REQUEST STARTED request_id=e7142ffe-dcbe-469d-9206-df3ba81b94b0 request_path=/docs ip= country=None "}
{"asctime": "2023-10-26 16:22:52,046", "name": "ROUTER", "levelname": "INFO", "message": "REQUEST COMPLETED request_id=e7142ffe-dcbe-469d-9206-df3ba81b94b0 request_path=/docs completed_in=0.83ms status_code=200"}
{"asctime": "2023-10-26 16:22:52,046", "name": "ROUTER", "levelname": "INFO", "message": "REQUEST COMPLETED request_id=e7142ffe-dcbe-469d-9206-df3ba81b94b0 request_path=/docs completed_in=0.83ms status_code=200"}
{"asctime": "2023-10-26 16:22:52,046", "name": "ROUTER", "levelname": "INFO", "message": "REQUEST COMPLETED request_id=e7142ffe-dcbe-469d-9206-df3ba81b94b0 request_path=/docs completed_in=0.83ms status_code=200"}
{"asctime": "2023-10-26 16:22:52,046", "name": "ROUTER", "levelname": "INFO", "message": "REQUEST COMPLETED request_id=e7142ffe-dcbe-469d-9206-df3ba81b94b0 request_path=/docs completed_in=0.83ms status_code=200"}
{"asctime": "2023-10-26 16:22:52,213", "name": "ROUTER", "levelname": "INFO", "message": "REQUEST RATE LIMITTING INFO:  defaultdict(<class 'list'>, {})"}
{"asctime": "2023-10-26 16:22:52,213", "name": "ROUTER", "levelname": "INFO", "message": "REQUEST RATE LIMITTING INFO:  defaultdict(<class 'list'>, {})"}
{"asctime": "2023-10-26 16:22:52,213", "name": "ROUTER", "levelname": "INFO", "message": "REQUEST RATE LIMITTING INFO:  defaultdict(<class 'list'>, {})"}
{"asctime": "2023-10-26 16:22:52,213", "name": "ROUTER", "levelname": "INFO", "message": "REQUEST RATE LIMITTING INFO:  defaultdict(<class 'list'>, {})"}
{"asctime": "2023-10-26 16:22:52,214", "name": "ROUTER", "levelname": "INFO", "message": "REQUEST STARTED request_id=c4c3e886-f8bb-4cf2-b5fe-0038e1555d72 request_path=/openapi.json ip= country=None "}
{"asctime": "2023-10-26 16:22:52,214", "name": "ROUTER", "levelname": "INFO", "message": "REQUEST STARTED request_id=c4c3e886-f8bb-4cf2-b5fe-0038e1555d72 request_path=/openapi.json ip= country=None "}
{"asctime": "2023-10-26 16:22:52,214", "name": "ROUTER", "levelname": "INFO", "message": "REQUEST STARTED request_id=c4c3e886-f8bb-4cf2-b5fe-0038e1555d72 request_path=/openapi.json ip= country=None "}
{"asctime": "2023-10-26 16:22:52,214", "name": "ROUTER", "levelname": "INFO", "message": "REQUEST STARTED request_id=c4c3e886-f8bb-4cf2-b5fe-0038e1555d72 request_path=/openapi.json ip= country=None "}
{"asctime": "2023-10-26 16:22:52,227", "name": "ROUTER", "levelname": "INFO", "message": "REQUEST COMPLETED request_id=c4c3e886-f8bb-4cf2-b5fe-0038e1555d72 request_path=/openapi.json completed_in=12.35ms status_code=200"}
{"asctime": "2023-10-26 16:22:52,227", "name": "ROUTER", "levelname": "INFO", "message": "REQUEST COMPLETED request_id=c4c3e886-f8bb-4cf2-b5fe-0038e1555d72 request_path=/openapi.json completed_in=12.35ms status_code=200"}
{"asctime": "2023-10-26 16:22:52,227", "name": "ROUTER", "levelname": "INFO", "message": "REQUEST COMPLETED request_id=c4c3e886-f8bb-4cf2-b5fe-0038e1555d72 request_path=/openapi.json completed_in=12.35ms status_code=200"}
{"asctime": "2023-10-26 16:22:52,227", "name": "ROUTER", "levelname": "INFO", "message": "REQUEST COMPLETED request_id=c4c3e886-f8bb-4cf2-b5fe-0038e1555d72 request_path=/openapi.json completed_in=12.35ms status_code=200"}
{"asctime": "2023-10-26 16:23:21,259", "name": "ROUTER", "levelname": "INFO", "message": "REQUEST RATE LIMITTING INFO:  defaultdict(<class 'list'>, {})"}
{"asctime": "2023-10-26 16:23:21,259", "name": "ROUTER", "levelname": "INFO", "message": "REQUEST RATE LIMITTING INFO:  defaultdict(<class 'list'>, {})"}
{"asctime": "2023-10-26 16:23:21,259", "name": "ROUTER", "levelname": "INFO", "message": "REQUEST RATE LIMITTING INFO:  defaultdict(<class 'list'>, {})"}
{"asctime": "2023-10-26 16:23:21,259", "name": "ROUTER", "levelname": "INFO", "message": "REQUEST RATE LIMITTING INFO:  defaultdict(<class 'list'>, {})"}
{"asctime": "2023-10-26 16:23:21,260", "name": "ROUTER", "levelname": "INFO", "message": "REQUEST STARTED request_id=1805a2f1-7068-4800-a006-4922409ca712 request_path=/docs ip= country=None "}
{"asctime": "2023-10-26 16:23:21,260", "name": "ROUTER", "levelname": "INFO", "message": "REQUEST STARTED request_id=1805a2f1-7068-4800-a006-4922409ca712 request_path=/docs ip= country=None "}
{"asctime": "2023-10-26 16:23:21,260", "name": "ROUTER", "levelname": "INFO", "message": "REQUEST STARTED request_id=1805a2f1-7068-4800-a006-4922409ca712 request_path=/docs ip= country=None "}
{"asctime": "2023-10-26 16:23:21,260", "name": "ROUTER", "levelname": "INFO", "message": "REQUEST STARTED request_id=1805a2f1-7068-4800-a006-4922409ca712 request_path=/docs ip= country=None "}
{"asctime": "2023-10-26 16:23:21,261", "name": "ROUTER", "levelname": "INFO", "message": "REQUEST COMPLETED request_id=1805a2f1-7068-4800-a006-4922409ca712 request_path=/docs completed_in=0.68ms status_code=200"}
{"asctime": "2023-10-26 16:23:21,261", "name": "ROUTER", "levelname": "INFO", "message": "REQUEST COMPLETED request_id=1805a2f1-7068-4800-a006-4922409ca712 request_path=/docs completed_in=0.68ms status_code=200"}
{"asctime": "2023-10-26 16:23:21,261", "name": "ROUTER", "levelname": "INFO", "message": "REQUEST COMPLETED request_id=1805a2f1-7068-4800-a006-4922409ca712 request_path=/docs completed_in=0.68ms status_code=200"}
{"asctime": "2023-10-26 16:23:21,261", "name": "ROUTER", "levelname": "INFO", "message": "REQUEST COMPLETED request_id=1805a2f1-7068-4800-a006-4922409ca712 request_path=/docs completed_in=0.68ms status_code=200"}
{"asctime": "2023-10-26 16:23:21,393", "name": "ROUTER", "levelname": "INFO", "message": "REQUEST RATE LIMITTING INFO:  defaultdict(<class 'list'>, {})"}
{"asctime": "2023-10-26 16:23:21,393", "name": "ROUTER", "levelname": "INFO", "message": "REQUEST RATE LIMITTING INFO:  defaultdict(<class 'list'>, {})"}
{"asctime": "2023-10-26 16:23:21,393", "name": "ROUTER", "levelname": "INFO", "message": "REQUEST RATE LIMITTING INFO:  defaultdict(<class 'list'>, {})"}
{"asctime": "2023-10-26 16:23:21,393", "name": "ROUTER", "levelname": "INFO", "message": "REQUEST RATE LIMITTING INFO:  defaultdict(<class 'list'>, {})"}
{"asctime": "2023-10-26 16:23:21,393", "name": "ROUTER", "levelname": "INFO", "message": "REQUEST STARTED request_id=7e0c6af4-f693-427a-9e14-a06bd2a3b09b request_path=/openapi.json ip= country=None "}
{"asctime": "2023-10-26 16:23:21,393", "name": "ROUTER", "levelname": "INFO", "message": "REQUEST STARTED request_id=7e0c6af4-f693-427a-9e14-a06bd2a3b09b request_path=/openapi.json ip= country=None "}
{"asctime": "2023-10-26 16:23:21,393", "name": "ROUTER", "levelname": "INFO", "message": "REQUEST STARTED request_id=7e0c6af4-f693-427a-9e14-a06bd2a3b09b request_path=/openapi.json ip= country=None "}
{"asctime": "2023-10-26 16:23:21,393", "name": "ROUTER", "levelname": "INFO", "message": "REQUEST STARTED request_id=7e0c6af4-f693-427a-9e14-a06bd2a3b09b request_path=/openapi.json ip= country=None "}
{"asctime": "2023-10-26 16:23:21,398", "name": "ROUTER", "levelname": "INFO", "message": "REQUEST COMPLETED request_id=7e0c6af4-f693-427a-9e14-a06bd2a3b09b request_path=/openapi.json completed_in=4.97ms status_code=200"}
{"asctime": "2023-10-26 16:23:21,398", "name": "ROUTER", "levelname": "INFO", "message": "REQUEST COMPLETED request_id=7e0c6af4-f693-427a-9e14-a06bd2a3b09b request_path=/openapi.json completed_in=4.97ms status_code=200"}
{"asctime": "2023-10-26 16:23:21,398", "name": "ROUTER", "levelname": "INFO", "message": "REQUEST COMPLETED request_id=7e0c6af4-f693-427a-9e14-a06bd2a3b09b request_path=/openapi.json completed_in=4.97ms status_code=200"}
{"asctime": "2023-10-26 16:23:21,398", "name": "ROUTER", "levelname": "INFO", "message": "REQUEST COMPLETED request_id=7e0c6af4-f693-427a-9e14-a06bd2a3b09b request_path=/openapi.json completed_in=4.97ms status_code=200"}
{"asctime": "2023-10-26 16:34:13,096", "name": "ROUTER", "levelname": "INFO", "message": "REQUEST RATE LIMITTING INFO:  defaultdict(<class 'list'>, {})"}
{"asctime": "2023-10-26 16:34:13,096", "name": "ROUTER", "levelname": "INFO", "message": "REQUEST RATE LIMITTING INFO:  defaultdict(<class 'list'>, {})"}
{"asctime": "2023-10-26 16:34:13,096", "name": "ROUTER", "levelname": "INFO", "message": "REQUEST RATE LIMITTING INFO:  defaultdict(<class 'list'>, {})"}
{"asctime": "2023-10-26 16:34:13,096", "name": "ROUTER", "levelname": "INFO", "message": "REQUEST RATE LIMITTING INFO:  defaultdict(<class 'list'>, {})"}
{"asctime": "2023-10-26 16:34:13,097", "name": "ROUTER", "levelname": "INFO", "message": "REQUEST STARTED request_id=b7cadbb1-c283-4270-b5c2-413f8d5fcfff request_path=/docs ip= country=None "}
{"asctime": "2023-10-26 16:34:13,097", "name": "ROUTER", "levelname": "INFO", "message": "REQUEST STARTED request_id=b7cadbb1-c283-4270-b5c2-413f8d5fcfff request_path=/docs ip= country=None "}
{"asctime": "2023-10-26 16:34:13,097", "name": "ROUTER", "levelname": "INFO", "message": "REQUEST STARTED request_id=b7cadbb1-c283-4270-b5c2-413f8d5fcfff request_path=/docs ip= country=None "}
{"asctime": "2023-10-26 16:34:13,097", "name": "ROUTER", "levelname": "INFO", "message": "REQUEST STARTED request_id=b7cadbb1-c283-4270-b5c2-413f8d5fcfff request_path=/docs ip= country=None "}
{"asctime": "2023-10-26 16:34:13,098", "name": "ROUTER", "levelname": "INFO", "message": "REQUEST COMPLETED request_id=b7cadbb1-c283-4270-b5c2-413f8d5fcfff request_path=/docs completed_in=0.72ms status_code=200"}
{"asctime": "2023-10-26 16:34:13,098", "name": "ROUTER", "levelname": "INFO", "message": "REQUEST COMPLETED request_id=b7cadbb1-c283-4270-b5c2-413f8d5fcfff request_path=/docs completed_in=0.72ms status_code=200"}
{"asctime": "2023-10-26 16:34:13,098", "name": "ROUTER", "levelname": "INFO", "message": "REQUEST COMPLETED request_id=b7cadbb1-c283-4270-b5c2-413f8d5fcfff request_path=/docs completed_in=0.72ms status_code=200"}
{"asctime": "2023-10-26 16:34:13,098", "name": "ROUTER", "levelname": "INFO", "message": "REQUEST COMPLETED request_id=b7cadbb1-c283-4270-b5c2-413f8d5fcfff request_path=/docs completed_in=0.72ms status_code=200"}
{"asctime": "2023-10-26 16:34:13,271", "name": "ROUTER", "levelname": "INFO", "message": "REQUEST RATE LIMITTING INFO:  defaultdict(<class 'list'>, {})"}
{"asctime": "2023-10-26 16:34:13,271", "name": "ROUTER", "levelname": "INFO", "message": "REQUEST RATE LIMITTING INFO:  defaultdict(<class 'list'>, {})"}
{"asctime": "2023-10-26 16:34:13,271", "name": "ROUTER", "levelname": "INFO", "message": "REQUEST RATE LIMITTING INFO:  defaultdict(<class 'list'>, {})"}
{"asctime": "2023-10-26 16:34:13,271", "name": "ROUTER", "levelname": "INFO", "message": "REQUEST RATE LIMITTING INFO:  defaultdict(<class 'list'>, {})"}
{"asctime": "2023-10-26 16:34:13,272", "name": "ROUTER", "levelname": "INFO", "message": "REQUEST STARTED request_id=9b2237f1-b22a-442e-bc46-646c192ee672 request_path=/openapi.json ip= country=None "}
{"asctime": "2023-10-26 16:34:13,272", "name": "ROUTER", "levelname": "INFO", "message": "REQUEST STARTED request_id=9b2237f1-b22a-442e-bc46-646c192ee672 request_path=/openapi.json ip= country=None "}
{"asctime": "2023-10-26 16:34:13,272", "name": "ROUTER", "levelname": "INFO", "message": "REQUEST STARTED request_id=9b2237f1-b22a-442e-bc46-646c192ee672 request_path=/openapi.json ip= country=None "}
{"asctime": "2023-10-26 16:34:13,272", "name": "ROUTER", "levelname": "INFO", "message": "REQUEST STARTED request_id=9b2237f1-b22a-442e-bc46-646c192ee672 request_path=/openapi.json ip= country=None "}
{"asctime": "2023-10-26 16:34:13,289", "name": "ROUTER", "levelname": "INFO", "message": "REQUEST COMPLETED request_id=9b2237f1-b22a-442e-bc46-646c192ee672 request_path=/openapi.json completed_in=16.76ms status_code=200"}
{"asctime": "2023-10-26 16:34:13,289", "name": "ROUTER", "levelname": "INFO", "message": "REQUEST COMPLETED request_id=9b2237f1-b22a-442e-bc46-646c192ee672 request_path=/openapi.json completed_in=16.76ms status_code=200"}
{"asctime": "2023-10-26 16:34:13,289", "name": "ROUTER", "levelname": "INFO", "message": "REQUEST COMPLETED request_id=9b2237f1-b22a-442e-bc46-646c192ee672 request_path=/openapi.json completed_in=16.76ms status_code=200"}
{"asctime": "2023-10-26 16:34:13,289", "name": "ROUTER", "levelname": "INFO", "message": "REQUEST COMPLETED request_id=9b2237f1-b22a-442e-bc46-646c192ee672 request_path=/openapi.json completed_in=16.76ms status_code=200"}
{"asctime": "2023-10-26 16:35:10,326", "name": "ROUTER", "levelname": "INFO", "message": "REQUEST RATE LIMITTING INFO:  defaultdict(<class 'list'>, {})"}
{"asctime": "2023-10-26 16:35:10,326", "name": "ROUTER", "levelname": "INFO", "message": "REQUEST RATE LIMITTING INFO:  defaultdict(<class 'list'>, {})"}
{"asctime": "2023-10-26 16:35:10,326", "name": "ROUTER", "levelname": "INFO", "message": "REQUEST RATE LIMITTING INFO:  defaultdict(<class 'list'>, {})"}
{"asctime": "2023-10-26 16:35:10,326", "name": "ROUTER", "levelname": "INFO", "message": "REQUEST RATE LIMITTING INFO:  defaultdict(<class 'list'>, {})"}
{"asctime": "2023-10-26 16:35:10,326", "name": "ROUTER", "levelname": "INFO", "message": "REQUEST STARTED request_id=30037cb3-3b9a-4106-9b71-12faf668386f request_path=/docs ip= country=None "}
{"asctime": "2023-10-26 16:35:10,326", "name": "ROUTER", "levelname": "INFO", "message": "REQUEST STARTED request_id=30037cb3-3b9a-4106-9b71-12faf668386f request_path=/docs ip= country=None "}
{"asctime": "2023-10-26 16:35:10,326", "name": "ROUTER", "levelname": "INFO", "message": "REQUEST STARTED request_id=30037cb3-3b9a-4106-9b71-12faf668386f request_path=/docs ip= country=None "}
{"asctime": "2023-10-26 16:35:10,326", "name": "ROUTER", "levelname": "INFO", "message": "REQUEST STARTED request_id=30037cb3-3b9a-4106-9b71-12faf668386f request_path=/docs ip= country=None "}
{"asctime": "2023-10-26 16:35:10,327", "name": "ROUTER", "levelname": "INFO", "message": "REQUEST COMPLETED request_id=30037cb3-3b9a-4106-9b71-12faf668386f request_path=/docs completed_in=0.42ms status_code=200"}
{"asctime": "2023-10-26 16:35:10,327", "name": "ROUTER", "levelname": "INFO", "message": "REQUEST COMPLETED request_id=30037cb3-3b9a-4106-9b71-12faf668386f request_path=/docs completed_in=0.42ms status_code=200"}
{"asctime": "2023-10-26 16:35:10,327", "name": "ROUTER", "levelname": "INFO", "message": "REQUEST COMPLETED request_id=30037cb3-3b9a-4106-9b71-12faf668386f request_path=/docs completed_in=0.42ms status_code=200"}
{"asctime": "2023-10-26 16:35:10,327", "name": "ROUTER", "levelname": "INFO", "message": "REQUEST COMPLETED request_id=30037cb3-3b9a-4106-9b71-12faf668386f request_path=/docs completed_in=0.42ms status_code=200"}
{"asctime": "2023-10-26 16:35:10,488", "name": "ROUTER", "levelname": "INFO", "message": "REQUEST RATE LIMITTING INFO:  defaultdict(<class 'list'>, {})"}
{"asctime": "2023-10-26 16:35:10,488", "name": "ROUTER", "levelname": "INFO", "message": "REQUEST RATE LIMITTING INFO:  defaultdict(<class 'list'>, {})"}
{"asctime": "2023-10-26 16:35:10,488", "name": "ROUTER", "levelname": "INFO", "message": "REQUEST RATE LIMITTING INFO:  defaultdict(<class 'list'>, {})"}
{"asctime": "2023-10-26 16:35:10,488", "name": "ROUTER", "levelname": "INFO", "message": "REQUEST RATE LIMITTING INFO:  defaultdict(<class 'list'>, {})"}
{"asctime": "2023-10-26 16:35:10,488", "name": "ROUTER", "levelname": "INFO", "message": "REQUEST STARTED request_id=16bfb154-3c1a-4298-a1ac-62111bd6e2c6 request_path=/openapi.json ip= country=None "}
{"asctime": "2023-10-26 16:35:10,488", "name": "ROUTER", "levelname": "INFO", "message": "REQUEST STARTED request_id=16bfb154-3c1a-4298-a1ac-62111bd6e2c6 request_path=/openapi.json ip= country=None "}
{"asctime": "2023-10-26 16:35:10,488", "name": "ROUTER", "levelname": "INFO", "message": "REQUEST STARTED request_id=16bfb154-3c1a-4298-a1ac-62111bd6e2c6 request_path=/openapi.json ip= country=None "}
{"asctime": "2023-10-26 16:35:10,488", "name": "ROUTER", "levelname": "INFO", "message": "REQUEST STARTED request_id=16bfb154-3c1a-4298-a1ac-62111bd6e2c6 request_path=/openapi.json ip= country=None "}
{"asctime": "2023-10-26 16:35:10,492", "name": "ROUTER", "levelname": "INFO", "message": "REQUEST COMPLETED request_id=16bfb154-3c1a-4298-a1ac-62111bd6e2c6 request_path=/openapi.json completed_in=3.69ms status_code=200"}
{"asctime": "2023-10-26 16:35:10,492", "name": "ROUTER", "levelname": "INFO", "message": "REQUEST COMPLETED request_id=16bfb154-3c1a-4298-a1ac-62111bd6e2c6 request_path=/openapi.json completed_in=3.69ms status_code=200"}
{"asctime": "2023-10-26 16:35:10,492", "name": "ROUTER", "levelname": "INFO", "message": "REQUEST COMPLETED request_id=16bfb154-3c1a-4298-a1ac-62111bd6e2c6 request_path=/openapi.json completed_in=3.69ms status_code=200"}
{"asctime": "2023-10-26 16:35:10,492", "name": "ROUTER", "levelname": "INFO", "message": "REQUEST COMPLETED request_id=16bfb154-3c1a-4298-a1ac-62111bd6e2c6 request_path=/openapi.json completed_in=3.69ms status_code=200"}
{"asctime": "2023-10-26 16:35:21,346", "name": "ROUTER", "levelname": "INFO", "message": "REQUEST RATE LIMITTING INFO:  defaultdict(<class 'list'>, {})"}
{"asctime": "2023-10-26 16:35:21,346", "name": "ROUTER", "levelname": "INFO", "message": "REQUEST RATE LIMITTING INFO:  defaultdict(<class 'list'>, {})"}
{"asctime": "2023-10-26 16:35:21,346", "name": "ROUTER", "levelname": "INFO", "message": "REQUEST RATE LIMITTING INFO:  defaultdict(<class 'list'>, {})"}
{"asctime": "2023-10-26 16:35:21,346", "name": "ROUTER", "levelname": "INFO", "message": "REQUEST RATE LIMITTING INFO:  defaultdict(<class 'list'>, {})"}
{"asctime": "2023-10-26 16:35:21,346", "name": "ROUTER", "levelname": "INFO", "message": "REQUEST STARTED request_id=99989da4-4991-460f-84ae-5638d69b5168 request_path=/docs ip= country=None "}
{"asctime": "2023-10-26 16:35:21,346", "name": "ROUTER", "levelname": "INFO", "message": "REQUEST STARTED request_id=99989da4-4991-460f-84ae-5638d69b5168 request_path=/docs ip= country=None "}
{"asctime": "2023-10-26 16:35:21,346", "name": "ROUTER", "levelname": "INFO", "message": "REQUEST STARTED request_id=99989da4-4991-460f-84ae-5638d69b5168 request_path=/docs ip= country=None "}
{"asctime": "2023-10-26 16:35:21,346", "name": "ROUTER", "levelname": "INFO", "message": "REQUEST STARTED request_id=99989da4-4991-460f-84ae-5638d69b5168 request_path=/docs ip= country=None "}
{"asctime": "2023-10-26 16:35:21,346", "name": "ROUTER", "levelname": "INFO", "message": "REQUEST COMPLETED request_id=99989da4-4991-460f-84ae-5638d69b5168 request_path=/docs completed_in=0.22ms status_code=200"}
{"asctime": "2023-10-26 16:35:21,346", "name": "ROUTER", "levelname": "INFO", "message": "REQUEST COMPLETED request_id=99989da4-4991-460f-84ae-5638d69b5168 request_path=/docs completed_in=0.22ms status_code=200"}
{"asctime": "2023-10-26 16:35:21,346", "name": "ROUTER", "levelname": "INFO", "message": "REQUEST COMPLETED request_id=99989da4-4991-460f-84ae-5638d69b5168 request_path=/docs completed_in=0.22ms status_code=200"}
{"asctime": "2023-10-26 16:35:21,346", "name": "ROUTER", "levelname": "INFO", "message": "REQUEST COMPLETED request_id=99989da4-4991-460f-84ae-5638d69b5168 request_path=/docs completed_in=0.22ms status_code=200"}
{"asctime": "2023-10-26 16:35:21,494", "name": "ROUTER", "levelname": "INFO", "message": "REQUEST RATE LIMITTING INFO:  defaultdict(<class 'list'>, {})"}
{"asctime": "2023-10-26 16:35:21,494", "name": "ROUTER", "levelname": "INFO", "message": "REQUEST RATE LIMITTING INFO:  defaultdict(<class 'list'>, {})"}
{"asctime": "2023-10-26 16:35:21,494", "name": "ROUTER", "levelname": "INFO", "message": "REQUEST RATE LIMITTING INFO:  defaultdict(<class 'list'>, {})"}
{"asctime": "2023-10-26 16:35:21,494", "name": "ROUTER", "levelname": "INFO", "message": "REQUEST RATE LIMITTING INFO:  defaultdict(<class 'list'>, {})"}
{"asctime": "2023-10-26 16:35:21,495", "name": "ROUTER", "levelname": "INFO", "message": "REQUEST STARTED request_id=6987529f-ebf7-40c3-9b32-1d0e7f004c1b request_path=/openapi.json ip= country=None "}
{"asctime": "2023-10-26 16:35:21,495", "name": "ROUTER", "levelname": "INFO", "message": "REQUEST STARTED request_id=6987529f-ebf7-40c3-9b32-1d0e7f004c1b request_path=/openapi.json ip= country=None "}
{"asctime": "2023-10-26 16:35:21,495", "name": "ROUTER", "levelname": "INFO", "message": "REQUEST STARTED request_id=6987529f-ebf7-40c3-9b32-1d0e7f004c1b request_path=/openapi.json ip= country=None "}
{"asctime": "2023-10-26 16:35:21,495", "name": "ROUTER", "levelname": "INFO", "message": "REQUEST STARTED request_id=6987529f-ebf7-40c3-9b32-1d0e7f004c1b request_path=/openapi.json ip= country=None "}
{"asctime": "2023-10-26 16:35:21,498", "name": "ROUTER", "levelname": "INFO", "message": "REQUEST COMPLETED request_id=6987529f-ebf7-40c3-9b32-1d0e7f004c1b request_path=/openapi.json completed_in=3.73ms status_code=200"}
{"asctime": "2023-10-26 16:35:21,498", "name": "ROUTER", "levelname": "INFO", "message": "REQUEST COMPLETED request_id=6987529f-ebf7-40c3-9b32-1d0e7f004c1b request_path=/openapi.json completed_in=3.73ms status_code=200"}
{"asctime": "2023-10-26 16:35:21,498", "name": "ROUTER", "levelname": "INFO", "message": "REQUEST COMPLETED request_id=6987529f-ebf7-40c3-9b32-1d0e7f004c1b request_path=/openapi.json completed_in=3.73ms status_code=200"}
{"asctime": "2023-10-26 16:35:21,498", "name": "ROUTER", "levelname": "INFO", "message": "REQUEST COMPLETED request_id=6987529f-ebf7-40c3-9b32-1d0e7f004c1b request_path=/openapi.json completed_in=3.73ms status_code=200"}
{"asctime": "2023-10-26 16:35:34,175", "name": "ROUTER", "levelname": "INFO", "message": "REQUEST RATE LIMITTING INFO:  defaultdict(<class 'list'>, {})"}
{"asctime": "2023-10-26 16:35:34,175", "name": "ROUTER", "levelname": "INFO", "message": "REQUEST RATE LIMITTING INFO:  defaultdict(<class 'list'>, {})"}
{"asctime": "2023-10-26 16:35:34,175", "name": "ROUTER", "levelname": "INFO", "message": "REQUEST RATE LIMITTING INFO:  defaultdict(<class 'list'>, {})"}
{"asctime": "2023-10-26 16:35:34,175", "name": "ROUTER", "levelname": "INFO", "message": "REQUEST RATE LIMITTING INFO:  defaultdict(<class 'list'>, {})"}
{"asctime": "2023-10-26 16:35:34,176", "name": "ROUTER", "levelname": "INFO", "message": "REQUEST STARTED request_id=73a666c9-2703-4ee0-8209-b6a7fce34aa8 request_path=/docs ip= country=None "}
{"asctime": "2023-10-26 16:35:34,176", "name": "ROUTER", "levelname": "INFO", "message": "REQUEST STARTED request_id=73a666c9-2703-4ee0-8209-b6a7fce34aa8 request_path=/docs ip= country=None "}
{"asctime": "2023-10-26 16:35:34,176", "name": "ROUTER", "levelname": "INFO", "message": "REQUEST STARTED request_id=73a666c9-2703-4ee0-8209-b6a7fce34aa8 request_path=/docs ip= country=None "}
{"asctime": "2023-10-26 16:35:34,176", "name": "ROUTER", "levelname": "INFO", "message": "REQUEST STARTED request_id=73a666c9-2703-4ee0-8209-b6a7fce34aa8 request_path=/docs ip= country=None "}
{"asctime": "2023-10-26 16:35:34,177", "name": "ROUTER", "levelname": "INFO", "message": "REQUEST COMPLETED request_id=73a666c9-2703-4ee0-8209-b6a7fce34aa8 request_path=/docs completed_in=0.57ms status_code=200"}
{"asctime": "2023-10-26 16:35:34,177", "name": "ROUTER", "levelname": "INFO", "message": "REQUEST COMPLETED request_id=73a666c9-2703-4ee0-8209-b6a7fce34aa8 request_path=/docs completed_in=0.57ms status_code=200"}
{"asctime": "2023-10-26 16:35:34,177", "name": "ROUTER", "levelname": "INFO", "message": "REQUEST COMPLETED request_id=73a666c9-2703-4ee0-8209-b6a7fce34aa8 request_path=/docs completed_in=0.57ms status_code=200"}
{"asctime": "2023-10-26 16:35:34,177", "name": "ROUTER", "levelname": "INFO", "message": "REQUEST COMPLETED request_id=73a666c9-2703-4ee0-8209-b6a7fce34aa8 request_path=/docs completed_in=0.57ms status_code=200"}
{"asctime": "2023-10-26 16:35:34,338", "name": "ROUTER", "levelname": "INFO", "message": "REQUEST RATE LIMITTING INFO:  defaultdict(<class 'list'>, {})"}
{"asctime": "2023-10-26 16:35:34,338", "name": "ROUTER", "levelname": "INFO", "message": "REQUEST RATE LIMITTING INFO:  defaultdict(<class 'list'>, {})"}
{"asctime": "2023-10-26 16:35:34,338", "name": "ROUTER", "levelname": "INFO", "message": "REQUEST RATE LIMITTING INFO:  defaultdict(<class 'list'>, {})"}
{"asctime": "2023-10-26 16:35:34,338", "name": "ROUTER", "levelname": "INFO", "message": "REQUEST RATE LIMITTING INFO:  defaultdict(<class 'list'>, {})"}
{"asctime": "2023-10-26 16:35:34,338", "name": "ROUTER", "levelname": "INFO", "message": "REQUEST STARTED request_id=5f6c0cfa-8221-421d-b7a8-4aaac1108775 request_path=/openapi.json ip= country=None "}
{"asctime": "2023-10-26 16:35:34,338", "name": "ROUTER", "levelname": "INFO", "message": "REQUEST STARTED request_id=5f6c0cfa-8221-421d-b7a8-4aaac1108775 request_path=/openapi.json ip= country=None "}
{"asctime": "2023-10-26 16:35:34,338", "name": "ROUTER", "levelname": "INFO", "message": "REQUEST STARTED request_id=5f6c0cfa-8221-421d-b7a8-4aaac1108775 request_path=/openapi.json ip= country=None "}
{"asctime": "2023-10-26 16:35:34,338", "name": "ROUTER", "levelname": "INFO", "message": "REQUEST STARTED request_id=5f6c0cfa-8221-421d-b7a8-4aaac1108775 request_path=/openapi.json ip= country=None "}
{"asctime": "2023-10-26 16:35:34,356", "name": "ROUTER", "levelname": "INFO", "message": "REQUEST COMPLETED request_id=5f6c0cfa-8221-421d-b7a8-4aaac1108775 request_path=/openapi.json completed_in=17.85ms status_code=200"}
{"asctime": "2023-10-26 16:35:34,356", "name": "ROUTER", "levelname": "INFO", "message": "REQUEST COMPLETED request_id=5f6c0cfa-8221-421d-b7a8-4aaac1108775 request_path=/openapi.json completed_in=17.85ms status_code=200"}
{"asctime": "2023-10-26 16:35:34,356", "name": "ROUTER", "levelname": "INFO", "message": "REQUEST COMPLETED request_id=5f6c0cfa-8221-421d-b7a8-4aaac1108775 request_path=/openapi.json completed_in=17.85ms status_code=200"}
{"asctime": "2023-10-26 16:35:34,356", "name": "ROUTER", "levelname": "INFO", "message": "REQUEST COMPLETED request_id=5f6c0cfa-8221-421d-b7a8-4aaac1108775 request_path=/openapi.json completed_in=17.85ms status_code=200"}
{"asctime": "2023-10-26 16:36:01,835", "name": "ROUTER", "levelname": "INFO", "message": "REQUEST RATE LIMITTING INFO:  defaultdict(<class 'list'>, {})"}
{"asctime": "2023-10-26 16:36:01,835", "name": "ROUTER", "levelname": "INFO", "message": "REQUEST RATE LIMITTING INFO:  defaultdict(<class 'list'>, {})"}
{"asctime": "2023-10-26 16:36:01,835", "name": "ROUTER", "levelname": "INFO", "message": "REQUEST RATE LIMITTING INFO:  defaultdict(<class 'list'>, {})"}
{"asctime": "2023-10-26 16:36:01,835", "name": "ROUTER", "levelname": "INFO", "message": "REQUEST RATE LIMITTING INFO:  defaultdict(<class 'list'>, {})"}
{"asctime": "2023-10-26 16:36:01,835", "name": "ROUTER", "levelname": "INFO", "message": "REQUEST STARTED request_id=33e9d455-8086-4474-bee6-61c1d88265bf request_path=/docs ip= country=None "}
{"asctime": "2023-10-26 16:36:01,835", "name": "ROUTER", "levelname": "INFO", "message": "REQUEST STARTED request_id=33e9d455-8086-4474-bee6-61c1d88265bf request_path=/docs ip= country=None "}
{"asctime": "2023-10-26 16:36:01,835", "name": "ROUTER", "levelname": "INFO", "message": "REQUEST STARTED request_id=33e9d455-8086-4474-bee6-61c1d88265bf request_path=/docs ip= country=None "}
{"asctime": "2023-10-26 16:36:01,835", "name": "ROUTER", "levelname": "INFO", "message": "REQUEST STARTED request_id=33e9d455-8086-4474-bee6-61c1d88265bf request_path=/docs ip= country=None "}
{"asctime": "2023-10-26 16:36:01,836", "name": "ROUTER", "levelname": "INFO", "message": "REQUEST COMPLETED request_id=33e9d455-8086-4474-bee6-61c1d88265bf request_path=/docs completed_in=0.44ms status_code=200"}
{"asctime": "2023-10-26 16:36:01,836", "name": "ROUTER", "levelname": "INFO", "message": "REQUEST COMPLETED request_id=33e9d455-8086-4474-bee6-61c1d88265bf request_path=/docs completed_in=0.44ms status_code=200"}
{"asctime": "2023-10-26 16:36:01,836", "name": "ROUTER", "levelname": "INFO", "message": "REQUEST COMPLETED request_id=33e9d455-8086-4474-bee6-61c1d88265bf request_path=/docs completed_in=0.44ms status_code=200"}
{"asctime": "2023-10-26 16:36:01,836", "name": "ROUTER", "levelname": "INFO", "message": "REQUEST COMPLETED request_id=33e9d455-8086-4474-bee6-61c1d88265bf request_path=/docs completed_in=0.44ms status_code=200"}
{"asctime": "2023-10-26 16:36:01,990", "name": "ROUTER", "levelname": "INFO", "message": "REQUEST RATE LIMITTING INFO:  defaultdict(<class 'list'>, {})"}
{"asctime": "2023-10-26 16:36:01,990", "name": "ROUTER", "levelname": "INFO", "message": "REQUEST RATE LIMITTING INFO:  defaultdict(<class 'list'>, {})"}
{"asctime": "2023-10-26 16:36:01,990", "name": "ROUTER", "levelname": "INFO", "message": "REQUEST RATE LIMITTING INFO:  defaultdict(<class 'list'>, {})"}
{"asctime": "2023-10-26 16:36:01,990", "name": "ROUTER", "levelname": "INFO", "message": "REQUEST RATE LIMITTING INFO:  defaultdict(<class 'list'>, {})"}
{"asctime": "2023-10-26 16:36:01,991", "name": "ROUTER", "levelname": "INFO", "message": "REQUEST STARTED request_id=3dfdbffd-1491-4031-bbce-bdec6dc29bde request_path=/openapi.json ip= country=None "}
{"asctime": "2023-10-26 16:36:01,991", "name": "ROUTER", "levelname": "INFO", "message": "REQUEST STARTED request_id=3dfdbffd-1491-4031-bbce-bdec6dc29bde request_path=/openapi.json ip= country=None "}
{"asctime": "2023-10-26 16:36:01,991", "name": "ROUTER", "levelname": "INFO", "message": "REQUEST STARTED request_id=3dfdbffd-1491-4031-bbce-bdec6dc29bde request_path=/openapi.json ip= country=None "}
{"asctime": "2023-10-26 16:36:01,991", "name": "ROUTER", "levelname": "INFO", "message": "REQUEST STARTED request_id=3dfdbffd-1491-4031-bbce-bdec6dc29bde request_path=/openapi.json ip= country=None "}
{"asctime": "2023-10-26 16:36:01,995", "name": "ROUTER", "levelname": "INFO", "message": "REQUEST COMPLETED request_id=3dfdbffd-1491-4031-bbce-bdec6dc29bde request_path=/openapi.json completed_in=4.32ms status_code=200"}
{"asctime": "2023-10-26 16:36:01,995", "name": "ROUTER", "levelname": "INFO", "message": "REQUEST COMPLETED request_id=3dfdbffd-1491-4031-bbce-bdec6dc29bde request_path=/openapi.json completed_in=4.32ms status_code=200"}
{"asctime": "2023-10-26 16:36:01,995", "name": "ROUTER", "levelname": "INFO", "message": "REQUEST COMPLETED request_id=3dfdbffd-1491-4031-bbce-bdec6dc29bde request_path=/openapi.json completed_in=4.32ms status_code=200"}
{"asctime": "2023-10-26 16:36:01,995", "name": "ROUTER", "levelname": "INFO", "message": "REQUEST COMPLETED request_id=3dfdbffd-1491-4031-bbce-bdec6dc29bde request_path=/openapi.json completed_in=4.32ms status_code=200"}
{"asctime": "2023-10-26 16:42:43,258", "name": "ROUTER", "levelname": "INFO", "message": "REQUEST RATE LIMITTING INFO:  defaultdict(<class 'list'>, {})"}
{"asctime": "2023-10-26 16:42:43,258", "name": "ROUTER", "levelname": "INFO", "message": "REQUEST STARTED request_id=e052e1ad-d91d-4dfa-bc2f-e7ae77e56f4c request_path=/docs ip= country=None "}
{"asctime": "2023-10-26 16:42:43,259", "name": "ROUTER", "levelname": "INFO", "message": "REQUEST COMPLETED request_id=e052e1ad-d91d-4dfa-bc2f-e7ae77e56f4c request_path=/docs completed_in=0.69ms status_code=200"}
{"asctime": "2023-10-26 16:42:43,428", "name": "ROUTER", "levelname": "INFO", "message": "REQUEST RATE LIMITTING INFO:  defaultdict(<class 'list'>, {})"}
{"asctime": "2023-10-26 16:42:43,429", "name": "ROUTER", "levelname": "INFO", "message": "REQUEST STARTED request_id=28ab671d-9639-40e3-a5e8-fb79f2fcb9ae request_path=/openapi.json ip= country=None "}
{"asctime": "2023-10-26 16:42:43,445", "name": "ROUTER", "levelname": "INFO", "message": "REQUEST COMPLETED request_id=28ab671d-9639-40e3-a5e8-fb79f2fcb9ae request_path=/openapi.json completed_in=16.09ms status_code=200"}
{"asctime": "2023-10-26 16:49:54,845", "name": "ROUTER", "levelname": "INFO", "message": "REQUEST RATE LIMITTING INFO:  defaultdict(<class 'list'>, {})"}
{"asctime": "2023-10-26 16:49:54,846", "name": "ROUTER", "levelname": "INFO", "message": "REQUEST STARTED request_id=9cd79379-6612-48fb-a5a6-cfdd633de4b8 request_path=/docs ip= country=None "}
{"asctime": "2023-10-26 16:49:54,846", "name": "ROUTER", "levelname": "INFO", "message": "REQUEST COMPLETED request_id=9cd79379-6612-48fb-a5a6-cfdd633de4b8 request_path=/docs completed_in=0.61ms status_code=200"}
{"asctime": "2023-10-26 16:49:55,013", "name": "ROUTER", "levelname": "INFO", "message": "REQUEST RATE LIMITTING INFO:  defaultdict(<class 'list'>, {})"}
{"asctime": "2023-10-26 16:49:55,014", "name": "ROUTER", "levelname": "INFO", "message": "REQUEST STARTED request_id=736c7b5e-405b-4365-8441-f28bf11f148f request_path=/openapi.json ip= country=None "}
{"asctime": "2023-10-26 16:49:55,038", "name": "ROUTER", "levelname": "INFO", "message": "REQUEST COMPLETED request_id=736c7b5e-405b-4365-8441-f28bf11f148f request_path=/openapi.json completed_in=23.89ms status_code=200"}
{"asctime": "2023-10-26 16:52:47,020", "name": "ROUTER", "levelname": "INFO", "message": "REQUEST RATE LIMITTING INFO:  defaultdict(<class 'list'>, {})"}
{"asctime": "2023-10-26 16:52:47,020", "name": "ROUTER", "levelname": "INFO", "message": "REQUEST STARTED request_id=58e066ca-dfe0-45d2-8314-2589dba11461 request_path=/docs ip= country=None "}
{"asctime": "2023-10-26 16:52:47,020", "name": "ROUTER", "levelname": "INFO", "message": "REQUEST COMPLETED request_id=58e066ca-dfe0-45d2-8314-2589dba11461 request_path=/docs completed_in=0.16ms status_code=200"}
{"asctime": "2023-10-26 16:52:47,217", "name": "ROUTER", "levelname": "INFO", "message": "REQUEST RATE LIMITTING INFO:  defaultdict(<class 'list'>, {})"}
{"asctime": "2023-10-26 16:52:47,219", "name": "ROUTER", "levelname": "INFO", "message": "REQUEST STARTED request_id=6a0a02ba-1e7d-4aa9-b2f4-49eaeca0c5eb request_path=/openapi.json ip= country=None "}
{"asctime": "2023-10-26 16:52:47,225", "name": "ROUTER", "levelname": "INFO", "message": "REQUEST COMPLETED request_id=6a0a02ba-1e7d-4aa9-b2f4-49eaeca0c5eb request_path=/openapi.json completed_in=5.29ms status_code=200"}
{"asctime": "2023-10-26 16:53:48,261", "name": "ROUTER", "levelname": "INFO", "message": "REQUEST RATE LIMITTING INFO:  defaultdict(<class 'list'>, {})"}
{"asctime": "2023-10-26 16:53:48,262", "name": "ROUTER", "levelname": "INFO", "message": "REQUEST STARTED request_id=9e05af98-2138-4fbc-a219-61904f236181 request_path=/docs ip= country=None "}
{"asctime": "2023-10-26 16:53:48,262", "name": "ROUTER", "levelname": "INFO", "message": "REQUEST COMPLETED request_id=9e05af98-2138-4fbc-a219-61904f236181 request_path=/docs completed_in=0.26ms status_code=200"}
{"asctime": "2023-10-26 16:53:48,426", "name": "ROUTER", "levelname": "INFO", "message": "REQUEST RATE LIMITTING INFO:  defaultdict(<class 'list'>, {})"}
{"asctime": "2023-10-26 16:53:48,426", "name": "ROUTER", "levelname": "INFO", "message": "REQUEST STARTED request_id=d2bbeed7-2ad3-4f78-8408-4aa90250ccdd request_path=/openapi.json ip= country=None "}
{"asctime": "2023-10-26 16:53:48,441", "name": "ROUTER", "levelname": "INFO", "message": "REQUEST COMPLETED request_id=d2bbeed7-2ad3-4f78-8408-4aa90250ccdd request_path=/openapi.json completed_in=14.21ms status_code=200"}
{"asctime": "2023-10-26 16:54:13,021", "name": "ROUTER", "levelname": "INFO", "message": "REQUEST RATE LIMITTING INFO:  defaultdict(<class 'list'>, {})"}
{"asctime": "2023-10-26 16:54:13,024", "name": "ROUTER", "levelname": "INFO", "message": "REQUEST STARTED request_id=52e5768c-978a-4503-8543-edacc87903c5 request_path=/v0/v1/chat/completions ip= country=None "}
{"asctime": "2023-10-26 16:54:13,031", "name": "ROUTER", "levelname": "ERROR", "message": "Error while handling request. request_id=52e5768c-978a-4503-8543-edacc87903c5 request_path=/v0/v1/chat/completions", "exc_info": "Traceback (most recent call last):\n  File \"/Users/kristjanpeterson/miniconda3/envs/router/lib/python3.10/site-packages/anyio/streams/memory.py\", line 98, in receive\n    return self.receive_nowait()\n  File \"/Users/kristjanpeterson/miniconda3/envs/router/lib/python3.10/site-packages/anyio/streams/memory.py\", line 93, in receive_nowait\n    raise WouldBlock\nanyio.WouldBlock\n\nDuring handling of the above exception, another exception occurred:\n\nTraceback (most recent call last):\n  File \"/Users/kristjanpeterson/miniconda3/envs/router/lib/python3.10/site-packages/starlette/middleware/base.py\", line 78, in call_next\n    message = await recv_stream.receive()\n  File \"/Users/kristjanpeterson/miniconda3/envs/router/lib/python3.10/site-packages/anyio/streams/memory.py\", line 118, in receive\n    raise EndOfStream\nanyio.EndOfStream\n\nDuring handling of the above exception, another exception occurred:\n\nTraceback (most recent call last):\n  File \"/Users/kristjanpeterson/Desktop/AGI/public/router/router/service/middleware/main_middleware.py\", line 73, in dispatch\n    response: Response = await call_next(request)\n  File \"/Users/kristjanpeterson/miniconda3/envs/router/lib/python3.10/site-packages/starlette/middleware/base.py\", line 84, in call_next\n    raise app_exc\n  File \"/Users/kristjanpeterson/miniconda3/envs/router/lib/python3.10/site-packages/starlette/middleware/base.py\", line 70, in coro\n    await self.app(scope, receive_or_disconnect, send_no_error)\n  File \"/Users/kristjanpeterson/miniconda3/envs/router/lib/python3.10/site-packages/starlette/middleware/cors.py\", line 91, in __call__\n    await self.simple_response(scope, receive, send, request_headers=headers)\n  File \"/Users/kristjanpeterson/miniconda3/envs/router/lib/python3.10/site-packages/starlette/middleware/cors.py\", line 146, in simple_response\n    await self.app(scope, receive, send)\n  File \"/Users/kristjanpeterson/miniconda3/envs/router/lib/python3.10/site-packages/starlette/middleware/exceptions.py\", line 79, in __call__\n    raise exc\n  File \"/Users/kristjanpeterson/miniconda3/envs/router/lib/python3.10/site-packages/starlette/middleware/exceptions.py\", line 68, in __call__\n    await self.app(scope, receive, sender)\n  File \"/Users/kristjanpeterson/miniconda3/envs/router/lib/python3.10/site-packages/fastapi/middleware/asyncexitstack.py\", line 20, in __call__\n    raise e\n  File \"/Users/kristjanpeterson/miniconda3/envs/router/lib/python3.10/site-packages/fastapi/middleware/asyncexitstack.py\", line 17, in __call__\n    await self.app(scope, receive, send)\n  File \"/Users/kristjanpeterson/miniconda3/envs/router/lib/python3.10/site-packages/starlette/routing.py\", line 718, in __call__\n    await route.handle(scope, receive, send)\n  File \"/Users/kristjanpeterson/miniconda3/envs/router/lib/python3.10/site-packages/starlette/routing.py\", line 276, in handle\n    await self.app(scope, receive, send)\n  File \"/Users/kristjanpeterson/miniconda3/envs/router/lib/python3.10/site-packages/starlette/routing.py\", line 66, in app\n    response = await func(request)\n  File \"/Users/kristjanpeterson/miniconda3/envs/router/lib/python3.10/site-packages/fastapi/routing.py\", line 292, in app\n    content = await serialize_response(\n  File \"/Users/kristjanpeterson/miniconda3/envs/router/lib/python3.10/site-packages/fastapi/routing.py\", line 155, in serialize_response\n    raise ResponseValidationError(\nfastapi.exceptions.ResponseValidationError: 1 validation errors:\n  {'type': 'string_type', 'loc': ('response', 'usage'), 'msg': 'Input should be a valid string', 'input': {'prompt_tokens': 9, 'completion_tokens': 12, 'total_tokens': 21}, 'url': 'https://errors.pydantic.dev/2.4/v/string_type'}\n"}
{"asctime": "2023-10-26 16:55:32,279", "name": "ROUTER", "levelname": "INFO", "message": "REQUEST RATE LIMITTING INFO:  defaultdict(<class 'list'>, {})"}
{"asctime": "2023-10-26 16:55:32,280", "name": "ROUTER", "levelname": "INFO", "message": "REQUEST STARTED request_id=a93dae1b-c1aa-4ee3-bc8a-ce3e987d0f90 request_path=/v0/v1/chat/completions ip= country=None "}
{"asctime": "2023-10-26 16:55:32,283", "name": "ROUTER", "levelname": "ERROR", "message": "Error while handling request. request_id=a93dae1b-c1aa-4ee3-bc8a-ce3e987d0f90 request_path=/v0/v1/chat/completions", "exc_info": "Traceback (most recent call last):\n  File \"/Users/kristjanpeterson/miniconda3/envs/router/lib/python3.10/site-packages/anyio/streams/memory.py\", line 98, in receive\n    return self.receive_nowait()\n  File \"/Users/kristjanpeterson/miniconda3/envs/router/lib/python3.10/site-packages/anyio/streams/memory.py\", line 93, in receive_nowait\n    raise WouldBlock\nanyio.WouldBlock\n\nDuring handling of the above exception, another exception occurred:\n\nTraceback (most recent call last):\n  File \"/Users/kristjanpeterson/miniconda3/envs/router/lib/python3.10/site-packages/starlette/middleware/base.py\", line 78, in call_next\n    message = await recv_stream.receive()\n  File \"/Users/kristjanpeterson/miniconda3/envs/router/lib/python3.10/site-packages/anyio/streams/memory.py\", line 118, in receive\n    raise EndOfStream\nanyio.EndOfStream\n\nDuring handling of the above exception, another exception occurred:\n\nTraceback (most recent call last):\n  File \"/Users/kristjanpeterson/Desktop/AGI/public/router/router/service/middleware/main_middleware.py\", line 73, in dispatch\n    response: Response = await call_next(request)\n  File \"/Users/kristjanpeterson/miniconda3/envs/router/lib/python3.10/site-packages/starlette/middleware/base.py\", line 84, in call_next\n    raise app_exc\n  File \"/Users/kristjanpeterson/miniconda3/envs/router/lib/python3.10/site-packages/starlette/middleware/base.py\", line 70, in coro\n    await self.app(scope, receive_or_disconnect, send_no_error)\n  File \"/Users/kristjanpeterson/miniconda3/envs/router/lib/python3.10/site-packages/starlette/middleware/cors.py\", line 91, in __call__\n    await self.simple_response(scope, receive, send, request_headers=headers)\n  File \"/Users/kristjanpeterson/miniconda3/envs/router/lib/python3.10/site-packages/starlette/middleware/cors.py\", line 146, in simple_response\n    await self.app(scope, receive, send)\n  File \"/Users/kristjanpeterson/miniconda3/envs/router/lib/python3.10/site-packages/starlette/middleware/exceptions.py\", line 79, in __call__\n    raise exc\n  File \"/Users/kristjanpeterson/miniconda3/envs/router/lib/python3.10/site-packages/starlette/middleware/exceptions.py\", line 68, in __call__\n    await self.app(scope, receive, sender)\n  File \"/Users/kristjanpeterson/miniconda3/envs/router/lib/python3.10/site-packages/fastapi/middleware/asyncexitstack.py\", line 20, in __call__\n    raise e\n  File \"/Users/kristjanpeterson/miniconda3/envs/router/lib/python3.10/site-packages/fastapi/middleware/asyncexitstack.py\", line 17, in __call__\n    await self.app(scope, receive, send)\n  File \"/Users/kristjanpeterson/miniconda3/envs/router/lib/python3.10/site-packages/starlette/routing.py\", line 718, in __call__\n    await route.handle(scope, receive, send)\n  File \"/Users/kristjanpeterson/miniconda3/envs/router/lib/python3.10/site-packages/starlette/routing.py\", line 276, in handle\n    await self.app(scope, receive, send)\n  File \"/Users/kristjanpeterson/miniconda3/envs/router/lib/python3.10/site-packages/starlette/routing.py\", line 66, in app\n    response = await func(request)\n  File \"/Users/kristjanpeterson/miniconda3/envs/router/lib/python3.10/site-packages/fastapi/routing.py\", line 292, in app\n    content = await serialize_response(\n  File \"/Users/kristjanpeterson/miniconda3/envs/router/lib/python3.10/site-packages/fastapi/routing.py\", line 155, in serialize_response\n    raise ResponseValidationError(\nfastapi.exceptions.ResponseValidationError: 1 validation errors:\n  {'type': 'string_type', 'loc': ('response', 'usage'), 'msg': 'Input should be a valid string', 'input': {'prompt_tokens': 9, 'completion_tokens': 12, 'total_tokens': 21}, 'url': 'https://errors.pydantic.dev/2.4/v/string_type'}\n"}
{"asctime": "2023-10-26 16:55:45,406", "name": "ROUTER", "levelname": "INFO", "message": "REQUEST RATE LIMITTING INFO:  defaultdict(<class 'list'>, {})"}
{"asctime": "2023-10-26 16:55:45,407", "name": "ROUTER", "levelname": "INFO", "message": "REQUEST STARTED request_id=6dc6d88b-4777-4e72-86f6-f9160f96ef97 request_path=/docs ip= country=None "}
{"asctime": "2023-10-26 16:55:45,407", "name": "ROUTER", "levelname": "INFO", "message": "REQUEST COMPLETED request_id=6dc6d88b-4777-4e72-86f6-f9160f96ef97 request_path=/docs completed_in=0.27ms status_code=200"}
{"asctime": "2023-10-26 16:55:45,559", "name": "ROUTER", "levelname": "INFO", "message": "REQUEST RATE LIMITTING INFO:  defaultdict(<class 'list'>, {})"}
{"asctime": "2023-10-26 16:55:45,559", "name": "ROUTER", "levelname": "INFO", "message": "REQUEST STARTED request_id=bdebb6bf-75c7-4a54-94f2-85fbed00a29d request_path=/openapi.json ip= country=None "}
{"asctime": "2023-10-26 16:55:45,584", "name": "ROUTER", "levelname": "INFO", "message": "REQUEST COMPLETED request_id=bdebb6bf-75c7-4a54-94f2-85fbed00a29d request_path=/openapi.json completed_in=24.67ms status_code=200"}
{"asctime": "2023-10-26 16:55:56,414", "name": "ROUTER", "levelname": "INFO", "message": "REQUEST RATE LIMITTING INFO:  defaultdict(<class 'list'>, {})"}
{"asctime": "2023-10-26 16:55:56,415", "name": "ROUTER", "levelname": "INFO", "message": "REQUEST STARTED request_id=fe0165fd-aa44-4290-b16c-9d1a6f20dcb9 request_path=/docs ip= country=None "}
{"asctime": "2023-10-26 16:55:56,416", "name": "ROUTER", "levelname": "INFO", "message": "REQUEST COMPLETED request_id=fe0165fd-aa44-4290-b16c-9d1a6f20dcb9 request_path=/docs completed_in=0.89ms status_code=200"}
{"asctime": "2023-10-26 16:55:56,541", "name": "ROUTER", "levelname": "INFO", "message": "REQUEST RATE LIMITTING INFO:  defaultdict(<class 'list'>, {})"}
{"asctime": "2023-10-26 16:55:56,541", "name": "ROUTER", "levelname": "INFO", "message": "REQUEST STARTED request_id=f853e774-072a-4a6c-9814-83f293bcfb49 request_path=/openapi.json ip= country=None "}
{"asctime": "2023-10-26 16:55:56,547", "name": "ROUTER", "levelname": "INFO", "message": "REQUEST COMPLETED request_id=f853e774-072a-4a6c-9814-83f293bcfb49 request_path=/openapi.json completed_in=5.29ms status_code=200"}
{"asctime": "2023-10-26 16:56:00,185", "name": "ROUTER", "levelname": "INFO", "message": "REQUEST RATE LIMITTING INFO:  defaultdict(<class 'list'>, {})"}
{"asctime": "2023-10-26 16:56:00,185", "name": "ROUTER", "levelname": "INFO", "message": "REQUEST STARTED request_id=d6cf7770-c369-4750-99c8-735fbd9667c8 request_path=/v1/chat/completions ip= country=None "}
{"asctime": "2023-10-26 16:56:00,190", "name": "ROUTER", "levelname": "ERROR", "message": "Error while handling request. request_id=d6cf7770-c369-4750-99c8-735fbd9667c8 request_path=/v1/chat/completions", "exc_info": "Traceback (most recent call last):\n  File \"/Users/kristjanpeterson/miniconda3/envs/router/lib/python3.10/site-packages/anyio/streams/memory.py\", line 98, in receive\n    return self.receive_nowait()\n  File \"/Users/kristjanpeterson/miniconda3/envs/router/lib/python3.10/site-packages/anyio/streams/memory.py\", line 93, in receive_nowait\n    raise WouldBlock\nanyio.WouldBlock\n\nDuring handling of the above exception, another exception occurred:\n\nTraceback (most recent call last):\n  File \"/Users/kristjanpeterson/miniconda3/envs/router/lib/python3.10/site-packages/starlette/middleware/base.py\", line 78, in call_next\n    message = await recv_stream.receive()\n  File \"/Users/kristjanpeterson/miniconda3/envs/router/lib/python3.10/site-packages/anyio/streams/memory.py\", line 118, in receive\n    raise EndOfStream\nanyio.EndOfStream\n\nDuring handling of the above exception, another exception occurred:\n\nTraceback (most recent call last):\n  File \"/Users/kristjanpeterson/Desktop/AGI/public/router/router/service/middleware/main_middleware.py\", line 73, in dispatch\n    response: Response = await call_next(request)\n  File \"/Users/kristjanpeterson/miniconda3/envs/router/lib/python3.10/site-packages/starlette/middleware/base.py\", line 84, in call_next\n    raise app_exc\n  File \"/Users/kristjanpeterson/miniconda3/envs/router/lib/python3.10/site-packages/starlette/middleware/base.py\", line 70, in coro\n    await self.app(scope, receive_or_disconnect, send_no_error)\n  File \"/Users/kristjanpeterson/miniconda3/envs/router/lib/python3.10/site-packages/starlette/middleware/cors.py\", line 91, in __call__\n    await self.simple_response(scope, receive, send, request_headers=headers)\n  File \"/Users/kristjanpeterson/miniconda3/envs/router/lib/python3.10/site-packages/starlette/middleware/cors.py\", line 146, in simple_response\n    await self.app(scope, receive, send)\n  File \"/Users/kristjanpeterson/miniconda3/envs/router/lib/python3.10/site-packages/starlette/middleware/exceptions.py\", line 79, in __call__\n    raise exc\n  File \"/Users/kristjanpeterson/miniconda3/envs/router/lib/python3.10/site-packages/starlette/middleware/exceptions.py\", line 68, in __call__\n    await self.app(scope, receive, sender)\n  File \"/Users/kristjanpeterson/miniconda3/envs/router/lib/python3.10/site-packages/fastapi/middleware/asyncexitstack.py\", line 20, in __call__\n    raise e\n  File \"/Users/kristjanpeterson/miniconda3/envs/router/lib/python3.10/site-packages/fastapi/middleware/asyncexitstack.py\", line 17, in __call__\n    await self.app(scope, receive, send)\n  File \"/Users/kristjanpeterson/miniconda3/envs/router/lib/python3.10/site-packages/starlette/routing.py\", line 718, in __call__\n    await route.handle(scope, receive, send)\n  File \"/Users/kristjanpeterson/miniconda3/envs/router/lib/python3.10/site-packages/starlette/routing.py\", line 276, in handle\n    await self.app(scope, receive, send)\n  File \"/Users/kristjanpeterson/miniconda3/envs/router/lib/python3.10/site-packages/starlette/routing.py\", line 66, in app\n    response = await func(request)\n  File \"/Users/kristjanpeterson/miniconda3/envs/router/lib/python3.10/site-packages/fastapi/routing.py\", line 292, in app\n    content = await serialize_response(\n  File \"/Users/kristjanpeterson/miniconda3/envs/router/lib/python3.10/site-packages/fastapi/routing.py\", line 155, in serialize_response\n    raise ResponseValidationError(\nfastapi.exceptions.ResponseValidationError: 1 validation errors:\n  {'type': 'string_type', 'loc': ('response', 'usage'), 'msg': 'Input should be a valid string', 'input': {'prompt_tokens': 9, 'completion_tokens': 12, 'total_tokens': 21}, 'url': 'https://errors.pydantic.dev/2.4/v/string_type'}\n"}
{"asctime": "2023-10-26 16:56:58,473", "name": "ROUTER", "levelname": "INFO", "message": "REQUEST RATE LIMITTING INFO:  defaultdict(<class 'list'>, {})"}
{"asctime": "2023-10-26 16:56:58,474", "name": "ROUTER", "levelname": "INFO", "message": "REQUEST STARTED request_id=60cd5460-47f9-40ee-b2c1-3012bb2fd64e request_path=/v1/chat/completions ip= country=None "}
{"asctime": "2023-10-26 16:57:32,324", "name": "ROUTER", "levelname": "INFO", "message": "REQUEST COMPLETED request_id=60cd5460-47f9-40ee-b2c1-3012bb2fd64e request_path=/v1/chat/completions completed_in=33848.92ms status_code=200"}
{"asctime": "2023-10-26 16:57:46,368", "name": "ROUTER", "levelname": "INFO", "message": "REQUEST RATE LIMITTING INFO:  defaultdict(<class 'list'>, {})"}
{"asctime": "2023-10-26 16:57:46,369", "name": "ROUTER", "levelname": "INFO", "message": "REQUEST STARTED request_id=c2d50a9e-39d5-4958-a237-9b9ed68b6e4e request_path=/v1/chat/completions ip= country=None "}
{"asctime": "2023-10-26 16:57:46,371", "name": "ROUTER", "levelname": "INFO", "message": "REQUEST COMPLETED request_id=c2d50a9e-39d5-4958-a237-9b9ed68b6e4e request_path=/v1/chat/completions completed_in=1.82ms status_code=200"}
{"asctime": "2023-10-26 16:57:52,329", "name": "ROUTER", "levelname": "INFO", "message": "REQUEST RATE LIMITTING INFO:  defaultdict(<class 'list'>, {})"}
{"asctime": "2023-10-26 16:57:52,330", "name": "ROUTER", "levelname": "INFO", "message": "REQUEST STARTED request_id=1dcf0529-7456-44c9-a18c-76adef4c8241 request_path=/v1/chat/completions ip= country=None "}
{"asctime": "2023-10-26 17:03:42,881", "name": "ROUTER", "levelname": "INFO", "message": "REQUEST RATE LIMITTING INFO:  defaultdict(<class 'list'>, {})"}
{"asctime": "2023-10-26 17:03:42,882", "name": "ROUTER", "levelname": "INFO", "message": "REQUEST STARTED request_id=7a26ea79-981e-44b2-b658-d484e816a37f request_path=/docs ip= country=None "}
{"asctime": "2023-10-26 17:03:42,883", "name": "ROUTER", "levelname": "INFO", "message": "REQUEST COMPLETED request_id=7a26ea79-981e-44b2-b658-d484e816a37f request_path=/docs completed_in=0.70ms status_code=200"}
{"asctime": "2023-10-26 17:03:43,101", "name": "ROUTER", "levelname": "INFO", "message": "REQUEST RATE LIMITTING INFO:  defaultdict(<class 'list'>, {})"}
{"asctime": "2023-10-26 17:03:43,101", "name": "ROUTER", "levelname": "INFO", "message": "REQUEST STARTED request_id=005be7da-bb15-4a01-9e3f-6f1cae711fc9 request_path=/openapi.json ip= country=None "}
{"asctime": "2023-10-26 17:03:43,128", "name": "ROUTER", "levelname": "INFO", "message": "REQUEST COMPLETED request_id=005be7da-bb15-4a01-9e3f-6f1cae711fc9 request_path=/openapi.json completed_in=26.40ms status_code=200"}
{"asctime": "2023-10-26 17:03:56,545", "name": "ROUTER", "levelname": "INFO", "message": "REQUEST RATE LIMITTING INFO:  defaultdict(<class 'list'>, {})"}
{"asctime": "2023-10-26 17:03:56,546", "name": "ROUTER", "levelname": "INFO", "message": "REQUEST STARTED request_id=1c258e76-f479-4619-8e85-935f0b0fb778 request_path=/v1/chat/completions ip= country=None "}
{"asctime": "2023-10-26 17:03:56,548", "name": "ROUTER", "levelname": "INFO", "message": "REQUEST COMPLETED request_id=1c258e76-f479-4619-8e85-935f0b0fb778 request_path=/v1/chat/completions completed_in=1.73ms status_code=200"}
{"asctime": "2023-10-26 17:03:56,560", "name": "ROUTER", "levelname": "INFO", "message": "REQUEST RATE LIMITTING INFO:  defaultdict(<class 'list'>, {})"}
{"asctime": "2023-10-26 17:03:56,561", "name": "ROUTER", "levelname": "INFO", "message": "REQUEST STARTED request_id=fac0e5fd-e0e9-4b60-853c-53370da7e606 request_path=/v1/chat/completions ip= country=None "}
{"asctime": "2023-10-26 17:03:56,722", "name": "ROUTER", "levelname": "ERROR", "message": "Error while handling request. request_id=fac0e5fd-e0e9-4b60-853c-53370da7e606 request_path=/v1/chat/completions", "exc_info": "Traceback (most recent call last):\n  File \"/Users/kristjanpeterson/miniconda3/envs/router/lib/python3.10/site-packages/anyio/streams/memory.py\", line 98, in receive\n    return self.receive_nowait()\n  File \"/Users/kristjanpeterson/miniconda3/envs/router/lib/python3.10/site-packages/anyio/streams/memory.py\", line 93, in receive_nowait\n    raise WouldBlock\nanyio.WouldBlock\n\nDuring handling of the above exception, another exception occurred:\n\nTraceback (most recent call last):\n  File \"/Users/kristjanpeterson/miniconda3/envs/router/lib/python3.10/site-packages/starlette/middleware/base.py\", line 78, in call_next\n    message = await recv_stream.receive()\n  File \"/Users/kristjanpeterson/miniconda3/envs/router/lib/python3.10/site-packages/anyio/streams/memory.py\", line 118, in receive\n    raise EndOfStream\nanyio.EndOfStream\n\nDuring handling of the above exception, another exception occurred:\n\nTraceback (most recent call last):\n  File \"/Users/kristjanpeterson/Desktop/AGI/public/router/router/service/middleware/main_middleware.py\", line 73, in dispatch\n    response: Response = await call_next(request)\n  File \"/Users/kristjanpeterson/miniconda3/envs/router/lib/python3.10/site-packages/starlette/middleware/base.py\", line 84, in call_next\n    raise app_exc\n  File \"/Users/kristjanpeterson/miniconda3/envs/router/lib/python3.10/site-packages/starlette/middleware/base.py\", line 70, in coro\n    await self.app(scope, receive_or_disconnect, send_no_error)\n  File \"/Users/kristjanpeterson/miniconda3/envs/router/lib/python3.10/site-packages/starlette/middleware/cors.py\", line 91, in __call__\n    await self.simple_response(scope, receive, send, request_headers=headers)\n  File \"/Users/kristjanpeterson/miniconda3/envs/router/lib/python3.10/site-packages/starlette/middleware/cors.py\", line 146, in simple_response\n    await self.app(scope, receive, send)\n  File \"/Users/kristjanpeterson/miniconda3/envs/router/lib/python3.10/site-packages/starlette/middleware/exceptions.py\", line 79, in __call__\n    raise exc\n  File \"/Users/kristjanpeterson/miniconda3/envs/router/lib/python3.10/site-packages/starlette/middleware/exceptions.py\", line 68, in __call__\n    await self.app(scope, receive, sender)\n  File \"/Users/kristjanpeterson/miniconda3/envs/router/lib/python3.10/site-packages/fastapi/middleware/asyncexitstack.py\", line 20, in __call__\n    raise e\n  File \"/Users/kristjanpeterson/miniconda3/envs/router/lib/python3.10/site-packages/fastapi/middleware/asyncexitstack.py\", line 17, in __call__\n    await self.app(scope, receive, send)\n  File \"/Users/kristjanpeterson/miniconda3/envs/router/lib/python3.10/site-packages/starlette/routing.py\", line 718, in __call__\n    await route.handle(scope, receive, send)\n  File \"/Users/kristjanpeterson/miniconda3/envs/router/lib/python3.10/site-packages/starlette/routing.py\", line 276, in handle\n    await self.app(scope, receive, send)\n  File \"/Users/kristjanpeterson/miniconda3/envs/router/lib/python3.10/site-packages/starlette/routing.py\", line 66, in app\n    response = await func(request)\n  File \"/Users/kristjanpeterson/miniconda3/envs/router/lib/python3.10/site-packages/fastapi/routing.py\", line 292, in app\n    content = await serialize_response(\n  File \"/Users/kristjanpeterson/miniconda3/envs/router/lib/python3.10/site-packages/fastapi/routing.py\", line 155, in serialize_response\n    raise ResponseValidationError(\nfastapi.exceptions.ResponseValidationError: 6 validation errors:\n  {'type': 'missing', 'loc': ('response', 'id'), 'msg': 'Field required', 'input': <Response [400]>, 'url': 'https://errors.pydantic.dev/2.4/v/missing'}\n  {'type': 'missing', 'loc': ('response', 'choices'), 'msg': 'Field required', 'input': <Response [400]>, 'url': 'https://errors.pydantic.dev/2.4/v/missing'}\n  {'type': 'missing', 'loc': ('response', 'created'), 'msg': 'Field required', 'input': <Response [400]>, 'url': 'https://errors.pydantic.dev/2.4/v/missing'}\n  {'type': 'missing', 'loc': ('response', 'model'), 'msg': 'Field required', 'input': <Response [400]>, 'url': 'https://errors.pydantic.dev/2.4/v/missing'}\n  {'type': 'missing', 'loc': ('response', 'object'), 'msg': 'Field required', 'input': <Response [400]>, 'url': 'https://errors.pydantic.dev/2.4/v/missing'}\n  {'type': 'missing', 'loc': ('response', 'usage'), 'msg': 'Field required', 'input': <Response [400]>, 'url': 'https://errors.pydantic.dev/2.4/v/missing'}\n"}
{"asctime": "2023-10-26 17:04:41,349", "name": "ROUTER", "levelname": "INFO", "message": "REQUEST RATE LIMITTING INFO:  defaultdict(<class 'list'>, {})"}
{"asctime": "2023-10-26 17:04:41,354", "name": "ROUTER", "levelname": "INFO", "message": "REQUEST STARTED request_id=e27d4bbb-9380-4547-8b39-b3e4a6c58b81 request_path=/v1/chat/completions ip= country=None "}
{"asctime": "2023-10-26 17:05:27,944", "name": "ROUTER", "levelname": "INFO", "message": "REQUEST RATE LIMITTING INFO:  defaultdict(<class 'list'>, {})"}
{"asctime": "2023-10-26 17:05:27,945", "name": "ROUTER", "levelname": "INFO", "message": "REQUEST STARTED request_id=c0e78b97-af8d-4594-a381-5b53d63f4115 request_path=/docs ip= country=None "}
{"asctime": "2023-10-26 17:05:27,947", "name": "ROUTER", "levelname": "INFO", "message": "REQUEST COMPLETED request_id=c0e78b97-af8d-4594-a381-5b53d63f4115 request_path=/docs completed_in=0.88ms status_code=200"}
{"asctime": "2023-10-26 17:05:28,140", "name": "ROUTER", "levelname": "INFO", "message": "REQUEST RATE LIMITTING INFO:  defaultdict(<class 'list'>, {})"}
{"asctime": "2023-10-26 17:05:28,140", "name": "ROUTER", "levelname": "INFO", "message": "REQUEST STARTED request_id=e1e71fc2-c14a-49c4-9792-0273fa731dcc request_path=/openapi.json ip= country=None "}
{"asctime": "2023-10-26 17:05:28,175", "name": "ROUTER", "levelname": "INFO", "message": "REQUEST COMPLETED request_id=e1e71fc2-c14a-49c4-9792-0273fa731dcc request_path=/openapi.json completed_in=34.46ms status_code=200"}
{"asctime": "2023-10-26 17:05:53,050", "name": "ROUTER", "levelname": "INFO", "message": "REQUEST RATE LIMITTING INFO:  defaultdict(<class 'list'>, {})"}
{"asctime": "2023-10-26 17:05:53,052", "name": "ROUTER", "levelname": "INFO", "message": "REQUEST STARTED request_id=1ba655ac-b5ac-453b-aa8f-4e51a11aa0dd request_path=/docs ip= country=None "}
{"asctime": "2023-10-26 17:05:53,060", "name": "ROUTER", "levelname": "INFO", "message": "REQUEST COMPLETED request_id=1ba655ac-b5ac-453b-aa8f-4e51a11aa0dd request_path=/docs completed_in=7.59ms status_code=200"}
{"asctime": "2023-10-26 17:05:53,289", "name": "ROUTER", "levelname": "INFO", "message": "REQUEST RATE LIMITTING INFO:  defaultdict(<class 'list'>, {})"}
{"asctime": "2023-10-26 17:05:53,289", "name": "ROUTER", "levelname": "INFO", "message": "REQUEST STARTED request_id=a5a0787c-b5a5-4100-b98e-032a4adcdddb request_path=/openapi.json ip= country=None "}
{"asctime": "2023-10-26 17:05:53,290", "name": "ROUTER", "levelname": "INFO", "message": "REQUEST COMPLETED request_id=a5a0787c-b5a5-4100-b98e-032a4adcdddb request_path=/openapi.json completed_in=0.69ms status_code=200"}
{"asctime": "2023-10-26 17:06:46,592", "name": "ROUTER", "levelname": "INFO", "message": "REQUEST RATE LIMITTING INFO:  defaultdict(<class 'list'>, {})"}
{"asctime": "2023-10-26 17:06:46,594", "name": "ROUTER", "levelname": "INFO", "message": "REQUEST STARTED request_id=919c31f8-36cf-4a35-93de-b3aeb0225aba request_path=/docs ip= country=None "}
{"asctime": "2023-10-26 17:06:46,596", "name": "ROUTER", "levelname": "INFO", "message": "REQUEST COMPLETED request_id=919c31f8-36cf-4a35-93de-b3aeb0225aba request_path=/docs completed_in=1.61ms status_code=200"}
{"asctime": "2023-10-26 17:06:46,828", "name": "ROUTER", "levelname": "INFO", "message": "REQUEST RATE LIMITTING INFO:  defaultdict(<class 'list'>, {})"}
{"asctime": "2023-10-26 17:06:46,828", "name": "ROUTER", "levelname": "INFO", "message": "REQUEST STARTED request_id=40b99625-c894-4dde-95c9-716fe8f6b08c request_path=/openapi.json ip= country=None "}
{"asctime": "2023-10-26 17:06:46,845", "name": "ROUTER", "levelname": "INFO", "message": "REQUEST COMPLETED request_id=40b99625-c894-4dde-95c9-716fe8f6b08c request_path=/openapi.json completed_in=16.69ms status_code=200"}
{"asctime": "2023-10-26 17:07:04,345", "name": "ROUTER", "levelname": "INFO", "message": "REQUEST RATE LIMITTING INFO:  defaultdict(<class 'list'>, {})"}
{"asctime": "2023-10-26 17:07:04,347", "name": "ROUTER", "levelname": "INFO", "message": "REQUEST STARTED request_id=19a3f251-a619-4804-bbe9-c06959e11cd8 request_path=/docs ip= country=None "}
{"asctime": "2023-10-26 17:07:04,348", "name": "ROUTER", "levelname": "INFO", "message": "REQUEST COMPLETED request_id=19a3f251-a619-4804-bbe9-c06959e11cd8 request_path=/docs completed_in=0.88ms status_code=200"}
{"asctime": "2023-10-26 17:07:04,920", "name": "ROUTER", "levelname": "INFO", "message": "REQUEST RATE LIMITTING INFO:  defaultdict(<class 'list'>, {})"}
{"asctime": "2023-10-26 17:07:04,921", "name": "ROUTER", "levelname": "INFO", "message": "REQUEST STARTED request_id=c1fa5b46-b503-4223-955d-0c22a933f70d request_path=/openapi.json ip= country=None "}
{"asctime": "2023-10-26 17:07:04,961", "name": "ROUTER", "levelname": "INFO", "message": "REQUEST COMPLETED request_id=c1fa5b46-b503-4223-955d-0c22a933f70d request_path=/openapi.json completed_in=40.02ms status_code=200"}
{"asctime": "2023-10-26 17:07:09,779", "name": "ROUTER", "levelname": "INFO", "message": "REQUEST RATE LIMITTING INFO:  defaultdict(<class 'list'>, {})"}
{"asctime": "2023-10-26 17:07:09,781", "name": "ROUTER", "levelname": "INFO", "message": "REQUEST STARTED request_id=f65c4004-75be-4397-bbc2-dabcc62d19e1 request_path=/v1/chat/completions ip= country=None "}
{"asctime": "2023-10-26 17:07:09,944", "name": "ROUTER", "levelname": "ERROR", "message": "Error while handling request. request_id=f65c4004-75be-4397-bbc2-dabcc62d19e1 request_path=/v1/chat/completions", "exc_info": "Traceback (most recent call last):\n  File \"/Users/kristjanpeterson/miniconda3/envs/router/lib/python3.10/site-packages/anyio/streams/memory.py\", line 98, in receive\n    return self.receive_nowait()\n  File \"/Users/kristjanpeterson/miniconda3/envs/router/lib/python3.10/site-packages/anyio/streams/memory.py\", line 93, in receive_nowait\n    raise WouldBlock\nanyio.WouldBlock\n\nDuring handling of the above exception, another exception occurred:\n\nTraceback (most recent call last):\n  File \"/Users/kristjanpeterson/miniconda3/envs/router/lib/python3.10/site-packages/starlette/middleware/base.py\", line 78, in call_next\n    message = await recv_stream.receive()\n  File \"/Users/kristjanpeterson/miniconda3/envs/router/lib/python3.10/site-packages/anyio/streams/memory.py\", line 118, in receive\n    raise EndOfStream\nanyio.EndOfStream\n\nDuring handling of the above exception, another exception occurred:\n\nTraceback (most recent call last):\n  File \"/Users/kristjanpeterson/Desktop/AGI/public/router/router/service/middleware/main_middleware.py\", line 73, in dispatch\n    response: Response = await call_next(request)\n  File \"/Users/kristjanpeterson/miniconda3/envs/router/lib/python3.10/site-packages/starlette/middleware/base.py\", line 84, in call_next\n    raise app_exc\n  File \"/Users/kristjanpeterson/miniconda3/envs/router/lib/python3.10/site-packages/starlette/middleware/base.py\", line 70, in coro\n    await self.app(scope, receive_or_disconnect, send_no_error)\n  File \"/Users/kristjanpeterson/miniconda3/envs/router/lib/python3.10/site-packages/starlette/middleware/cors.py\", line 91, in __call__\n    await self.simple_response(scope, receive, send, request_headers=headers)\n  File \"/Users/kristjanpeterson/miniconda3/envs/router/lib/python3.10/site-packages/starlette/middleware/cors.py\", line 146, in simple_response\n    await self.app(scope, receive, send)\n  File \"/Users/kristjanpeterson/miniconda3/envs/router/lib/python3.10/site-packages/starlette/middleware/exceptions.py\", line 79, in __call__\n    raise exc\n  File \"/Users/kristjanpeterson/miniconda3/envs/router/lib/python3.10/site-packages/starlette/middleware/exceptions.py\", line 68, in __call__\n    await self.app(scope, receive, sender)\n  File \"/Users/kristjanpeterson/miniconda3/envs/router/lib/python3.10/site-packages/fastapi/middleware/asyncexitstack.py\", line 20, in __call__\n    raise e\n  File \"/Users/kristjanpeterson/miniconda3/envs/router/lib/python3.10/site-packages/fastapi/middleware/asyncexitstack.py\", line 17, in __call__\n    await self.app(scope, receive, send)\n  File \"/Users/kristjanpeterson/miniconda3/envs/router/lib/python3.10/site-packages/starlette/routing.py\", line 718, in __call__\n    await route.handle(scope, receive, send)\n  File \"/Users/kristjanpeterson/miniconda3/envs/router/lib/python3.10/site-packages/starlette/routing.py\", line 276, in handle\n    await self.app(scope, receive, send)\n  File \"/Users/kristjanpeterson/miniconda3/envs/router/lib/python3.10/site-packages/starlette/routing.py\", line 66, in app\n    response = await func(request)\n  File \"/Users/kristjanpeterson/miniconda3/envs/router/lib/python3.10/site-packages/fastapi/routing.py\", line 292, in app\n    content = await serialize_response(\n  File \"/Users/kristjanpeterson/miniconda3/envs/router/lib/python3.10/site-packages/fastapi/routing.py\", line 155, in serialize_response\n    raise ResponseValidationError(\nfastapi.exceptions.ResponseValidationError: 6 validation errors:\n  {'type': 'missing', 'loc': ('response', 'id'), 'msg': 'Field required', 'input': {'error': {'message': \"We could not parse the JSON body of your request. (HINT: This likely means you aren't using your HTTP library correctly. The OpenAI API expects a JSON payload, but what was sent was not valid JSON. If you have trouble figuring out how to fix this, please contact us through our help center at help.openai.com.)\", 'type': 'invalid_request_error', 'param': None, 'code': None}}, 'url': 'https://errors.pydantic.dev/2.4/v/missing'}\n  {'type': 'missing', 'loc': ('response', 'choices'), 'msg': 'Field required', 'input': {'error': {'message': \"We could not parse the JSON body of your request. (HINT: This likely means you aren't using your HTTP library correctly. The OpenAI API expects a JSON payload, but what was sent was not valid JSON. If you have trouble figuring out how to fix this, please contact us through our help center at help.openai.com.)\", 'type': 'invalid_request_error', 'param': None, 'code': None}}, 'url': 'https://errors.pydantic.dev/2.4/v/missing'}\n  {'type': 'missing', 'loc': ('response', 'created'), 'msg': 'Field required', 'input': {'error': {'message': \"We could not parse the JSON body of your request. (HINT: This likely means you aren't using your HTTP library correctly. The OpenAI API expects a JSON payload, but what was sent was not valid JSON. If you have trouble figuring out how to fix this, please contact us through our help center at help.openai.com.)\", 'type': 'invalid_request_error', 'param': None, 'code': None}}, 'url': 'https://errors.pydantic.dev/2.4/v/missing'}\n  {'type': 'missing', 'loc': ('response', 'model'), 'msg': 'Field required', 'input': {'error': {'message': \"We could not parse the JSON body of your request. (HINT: This likely means you aren't using your HTTP library correctly. The OpenAI API expects a JSON payload, but what was sent was not valid JSON. If you have trouble figuring out how to fix this, please contact us through our help center at help.openai.com.)\", 'type': 'invalid_request_error', 'param': None, 'code': None}}, 'url': 'https://errors.pydantic.dev/2.4/v/missing'}\n  {'type': 'missing', 'loc': ('response', 'object'), 'msg': 'Field required', 'input': {'error': {'message': \"We could not parse the JSON body of your request. (HINT: This likely means you aren't using your HTTP library correctly. The OpenAI API expects a JSON payload, but what was sent was not valid JSON. If you have trouble figuring out how to fix this, please contact us through our help center at help.openai.com.)\", 'type': 'invalid_request_error', 'param': None, 'code': None}}, 'url': 'https://errors.pydantic.dev/2.4/v/missing'}\n  {'type': 'missing', 'loc': ('response', 'usage'), 'msg': 'Field required', 'input': {'error': {'message': \"We could not parse the JSON body of your request. (HINT: This likely means you aren't using your HTTP library correctly. The OpenAI API expects a JSON payload, but what was sent was not valid JSON. If you have trouble figuring out how to fix this, please contact us through our help center at help.openai.com.)\", 'type': 'invalid_request_error', 'param': None, 'code': None}}, 'url': 'https://errors.pydantic.dev/2.4/v/missing'}\n"}
{"asctime": "2023-10-26 17:07:31,644", "name": "ROUTER", "levelname": "INFO", "message": "REQUEST RATE LIMITTING INFO:  defaultdict(<class 'list'>, {})"}
{"asctime": "2023-10-26 17:07:31,645", "name": "ROUTER", "levelname": "INFO", "message": "REQUEST STARTED request_id=3729dff8-4037-48c0-bef5-953d5af5c0f5 request_path=/v1/chat/completions ip= country=None "}
{"asctime": "2023-10-26 17:08:44,868", "name": "ROUTER", "levelname": "INFO", "message": "REQUEST RATE LIMITTING INFO:  defaultdict(<class 'list'>, {})"}
{"asctime": "2023-10-26 17:08:44,868", "name": "ROUTER", "levelname": "INFO", "message": "REQUEST STARTED request_id=588bb238-09fd-43cb-9a48-5b0ad3a9aacc request_path=/ ip= country=None "}
{"asctime": "2023-10-26 17:08:44,870", "name": "ROUTER", "levelname": "INFO", "message": "REQUEST COMPLETED request_id=588bb238-09fd-43cb-9a48-5b0ad3a9aacc request_path=/ completed_in=1.87ms status_code=200"}
{"asctime": "2023-10-26 17:08:54,376", "name": "ROUTER", "levelname": "INFO", "message": "REQUEST RATE LIMITTING INFO:  defaultdict(<class 'list'>, {})"}
{"asctime": "2023-10-26 17:08:54,377", "name": "ROUTER", "levelname": "INFO", "message": "REQUEST STARTED request_id=c180db12-9568-4c77-9afd-e09ae5201ccc request_path=/docs ip= country=None "}
{"asctime": "2023-10-26 17:08:54,381", "name": "ROUTER", "levelname": "INFO", "message": "REQUEST COMPLETED request_id=c180db12-9568-4c77-9afd-e09ae5201ccc request_path=/docs completed_in=3.16ms status_code=200"}
{"asctime": "2023-10-26 17:08:54,514", "name": "ROUTER", "levelname": "INFO", "message": "REQUEST RATE LIMITTING INFO:  defaultdict(<class 'list'>, {})"}
{"asctime": "2023-10-26 17:08:54,515", "name": "ROUTER", "levelname": "INFO", "message": "REQUEST STARTED request_id=c05f899f-5efb-4b17-b78a-84b51353d28b request_path=/openapi.json ip= country=None "}
{"asctime": "2023-10-26 17:08:54,549", "name": "ROUTER", "levelname": "INFO", "message": "REQUEST COMPLETED request_id=c05f899f-5efb-4b17-b78a-84b51353d28b request_path=/openapi.json completed_in=33.32ms status_code=200"}
{"asctime": "2023-10-26 17:09:01,086", "name": "ROUTER", "levelname": "INFO", "message": "REQUEST RATE LIMITTING INFO:  defaultdict(<class 'list'>, {})"}
{"asctime": "2023-10-26 17:09:01,087", "name": "ROUTER", "levelname": "INFO", "message": "REQUEST STARTED request_id=30fdaeee-81c1-4024-8ddd-278991a8836a request_path=/v1/chat/completions ip= country=None "}
{"asctime": "2023-10-26 17:09:01,088", "name": "ROUTER", "levelname": "INFO", "message": "REQUEST COMPLETED request_id=30fdaeee-81c1-4024-8ddd-278991a8836a request_path=/v1/chat/completions completed_in=1.04ms status_code=200"}
{"asctime": "2023-10-26 17:09:01,158", "name": "ROUTER", "levelname": "INFO", "message": "REQUEST RATE LIMITTING INFO:  defaultdict(<class 'list'>, {})"}
{"asctime": "2023-10-26 17:09:01,159", "name": "ROUTER", "levelname": "INFO", "message": "REQUEST STARTED request_id=2d5020a2-52be-41d2-89a5-e0a311ab6935 request_path=/v1/chat/completions ip= country=None "}
{"asctime": "2023-10-26 17:09:26,168", "name": "ROUTER", "levelname": "ERROR", "message": "Error while handling request. request_id=2d5020a2-52be-41d2-89a5-e0a311ab6935 request_path=/v1/chat/completions", "exc_info": "Traceback (most recent call last):\n  File \"/Users/kristjanpeterson/miniconda3/envs/router/lib/python3.10/site-packages/anyio/streams/memory.py\", line 98, in receive\n    return self.receive_nowait()\n  File \"/Users/kristjanpeterson/miniconda3/envs/router/lib/python3.10/site-packages/anyio/streams/memory.py\", line 93, in receive_nowait\n    raise WouldBlock\nanyio.WouldBlock\n\nDuring handling of the above exception, another exception occurred:\n\nTraceback (most recent call last):\n  File \"/Users/kristjanpeterson/miniconda3/envs/router/lib/python3.10/site-packages/starlette/middleware/base.py\", line 78, in call_next\n    message = await recv_stream.receive()\n  File \"/Users/kristjanpeterson/miniconda3/envs/router/lib/python3.10/site-packages/anyio/streams/memory.py\", line 118, in receive\n    raise EndOfStream\nanyio.EndOfStream\n\nDuring handling of the above exception, another exception occurred:\n\nTraceback (most recent call last):\n  File \"/Users/kristjanpeterson/Desktop/AGI/public/router/router/service/middleware/main_middleware.py\", line 73, in dispatch\n    response: Response = await call_next(request)\n  File \"/Users/kristjanpeterson/miniconda3/envs/router/lib/python3.10/site-packages/starlette/middleware/base.py\", line 84, in call_next\n    raise app_exc\n  File \"/Users/kristjanpeterson/miniconda3/envs/router/lib/python3.10/site-packages/starlette/middleware/base.py\", line 70, in coro\n    await self.app(scope, receive_or_disconnect, send_no_error)\n  File \"/Users/kristjanpeterson/miniconda3/envs/router/lib/python3.10/site-packages/starlette/middleware/cors.py\", line 91, in __call__\n    await self.simple_response(scope, receive, send, request_headers=headers)\n  File \"/Users/kristjanpeterson/miniconda3/envs/router/lib/python3.10/site-packages/starlette/middleware/cors.py\", line 146, in simple_response\n    await self.app(scope, receive, send)\n  File \"/Users/kristjanpeterson/miniconda3/envs/router/lib/python3.10/site-packages/starlette/middleware/exceptions.py\", line 79, in __call__\n    raise exc\n  File \"/Users/kristjanpeterson/miniconda3/envs/router/lib/python3.10/site-packages/starlette/middleware/exceptions.py\", line 68, in __call__\n    await self.app(scope, receive, sender)\n  File \"/Users/kristjanpeterson/miniconda3/envs/router/lib/python3.10/site-packages/fastapi/middleware/asyncexitstack.py\", line 20, in __call__\n    raise e\n  File \"/Users/kristjanpeterson/miniconda3/envs/router/lib/python3.10/site-packages/fastapi/middleware/asyncexitstack.py\", line 17, in __call__\n    await self.app(scope, receive, send)\n  File \"/Users/kristjanpeterson/miniconda3/envs/router/lib/python3.10/site-packages/starlette/routing.py\", line 718, in __call__\n    await route.handle(scope, receive, send)\n  File \"/Users/kristjanpeterson/miniconda3/envs/router/lib/python3.10/site-packages/starlette/routing.py\", line 276, in handle\n    await self.app(scope, receive, send)\n  File \"/Users/kristjanpeterson/miniconda3/envs/router/lib/python3.10/site-packages/starlette/routing.py\", line 66, in app\n    response = await func(request)\n  File \"/Users/kristjanpeterson/miniconda3/envs/router/lib/python3.10/site-packages/fastapi/routing.py\", line 292, in app\n    content = await serialize_response(\n  File \"/Users/kristjanpeterson/miniconda3/envs/router/lib/python3.10/site-packages/fastapi/routing.py\", line 155, in serialize_response\n    raise ResponseValidationError(\nfastapi.exceptions.ResponseValidationError: 6 validation errors:\n  {'type': 'missing', 'loc': ('response', 'id'), 'msg': 'Field required', 'input': {'error': {'message': \"None is not of type 'string' - 'messages.0.name'\", 'type': 'invalid_request_error', 'param': None, 'code': None}}, 'url': 'https://errors.pydantic.dev/2.4/v/missing'}\n  {'type': 'missing', 'loc': ('response', 'choices'), 'msg': 'Field required', 'input': {'error': {'message': \"None is not of type 'string' - 'messages.0.name'\", 'type': 'invalid_request_error', 'param': None, 'code': None}}, 'url': 'https://errors.pydantic.dev/2.4/v/missing'}\n  {'type': 'missing', 'loc': ('response', 'created'), 'msg': 'Field required', 'input': {'error': {'message': \"None is not of type 'string' - 'messages.0.name'\", 'type': 'invalid_request_error', 'param': None, 'code': None}}, 'url': 'https://errors.pydantic.dev/2.4/v/missing'}\n  {'type': 'missing', 'loc': ('response', 'model'), 'msg': 'Field required', 'input': {'error': {'message': \"None is not of type 'string' - 'messages.0.name'\", 'type': 'invalid_request_error', 'param': None, 'code': None}}, 'url': 'https://errors.pydantic.dev/2.4/v/missing'}\n  {'type': 'missing', 'loc': ('response', 'object'), 'msg': 'Field required', 'input': {'error': {'message': \"None is not of type 'string' - 'messages.0.name'\", 'type': 'invalid_request_error', 'param': None, 'code': None}}, 'url': 'https://errors.pydantic.dev/2.4/v/missing'}\n  {'type': 'missing', 'loc': ('response', 'usage'), 'msg': 'Field required', 'input': {'error': {'message': \"None is not of type 'string' - 'messages.0.name'\", 'type': 'invalid_request_error', 'param': None, 'code': None}}, 'url': 'https://errors.pydantic.dev/2.4/v/missing'}\n"}
{"asctime": "2023-10-26 17:09:49,646", "name": "ROUTER", "levelname": "INFO", "message": "REQUEST RATE LIMITTING INFO:  defaultdict(<class 'list'>, {})"}
{"asctime": "2023-10-26 17:09:49,646", "name": "ROUTER", "levelname": "INFO", "message": "REQUEST STARTED request_id=39f5abc7-f5a8-4ef8-bab6-7755a560483f request_path=/v1/chat/completions ip= country=None "}
{"asctime": "2023-10-26 17:09:49,650", "name": "ROUTER", "levelname": "INFO", "message": "REQUEST COMPLETED request_id=39f5abc7-f5a8-4ef8-bab6-7755a560483f request_path=/v1/chat/completions completed_in=3.21ms status_code=200"}
{"asctime": "2023-10-26 17:09:49,654", "name": "ROUTER", "levelname": "INFO", "message": "REQUEST RATE LIMITTING INFO:  defaultdict(<class 'list'>, {})"}
{"asctime": "2023-10-26 17:09:49,654", "name": "ROUTER", "levelname": "INFO", "message": "REQUEST STARTED request_id=7703c383-164b-4aa7-a511-70f56c93b8f8 request_path=/v1/chat/completions ip= country=None "}
{"asctime": "2023-10-26 17:11:26,364", "name": "ROUTER", "levelname": "INFO", "message": "REQUEST RATE LIMITTING INFO:  defaultdict(<class 'list'>, {})"}
{"asctime": "2023-10-26 17:11:26,366", "name": "ROUTER", "levelname": "INFO", "message": "REQUEST STARTED request_id=0960b067-7549-481b-8065-3bb6a9b1c6cf request_path=/docs ip= country=None "}
{"asctime": "2023-10-26 17:11:26,367", "name": "ROUTER", "levelname": "INFO", "message": "REQUEST COMPLETED request_id=0960b067-7549-481b-8065-3bb6a9b1c6cf request_path=/docs completed_in=1.30ms status_code=200"}
{"asctime": "2023-10-26 17:11:26,587", "name": "ROUTER", "levelname": "INFO", "message": "REQUEST RATE LIMITTING INFO:  defaultdict(<class 'list'>, {})"}
{"asctime": "2023-10-26 17:11:26,587", "name": "ROUTER", "levelname": "INFO", "message": "REQUEST STARTED request_id=f45d1919-5304-478e-b38c-025471e6ec93 request_path=/openapi.json ip= country=None "}
{"asctime": "2023-10-26 17:11:26,604", "name": "ROUTER", "levelname": "INFO", "message": "REQUEST COMPLETED request_id=f45d1919-5304-478e-b38c-025471e6ec93 request_path=/openapi.json completed_in=17.08ms status_code=200"}
{"asctime": "2023-10-26 17:11:36,911", "name": "ROUTER", "levelname": "INFO", "message": "REQUEST RATE LIMITTING INFO:  defaultdict(<class 'list'>, {})"}
{"asctime": "2023-10-26 17:11:36,912", "name": "ROUTER", "levelname": "INFO", "message": "REQUEST STARTED request_id=1697b3d7-7378-45b9-a0a0-44c6abf3c46a request_path=/docs ip= country=None "}
{"asctime": "2023-10-26 17:11:36,913", "name": "ROUTER", "levelname": "INFO", "message": "REQUEST COMPLETED request_id=1697b3d7-7378-45b9-a0a0-44c6abf3c46a request_path=/docs completed_in=1.06ms status_code=200"}
{"asctime": "2023-10-26 17:11:37,119", "name": "ROUTER", "levelname": "INFO", "message": "REQUEST RATE LIMITTING INFO:  defaultdict(<class 'list'>, {})"}
{"asctime": "2023-10-26 17:11:37,120", "name": "ROUTER", "levelname": "INFO", "message": "REQUEST STARTED request_id=6943d11b-1f5a-4805-b63d-97dc557c9ce3 request_path=/openapi.json ip= country=None "}
{"asctime": "2023-10-26 17:11:37,126", "name": "ROUTER", "levelname": "INFO", "message": "REQUEST COMPLETED request_id=6943d11b-1f5a-4805-b63d-97dc557c9ce3 request_path=/openapi.json completed_in=5.23ms status_code=200"}
{"asctime": "2023-10-26 17:11:59,441", "name": "ROUTER", "levelname": "INFO", "message": "REQUEST RATE LIMITTING INFO:  defaultdict(<class 'list'>, {})"}
{"asctime": "2023-10-26 17:11:59,441", "name": "ROUTER", "levelname": "INFO", "message": "REQUEST STARTED request_id=6e52f44e-79e7-495e-b021-9e1f6e9a7f60 request_path=/docs ip= country=None "}
{"asctime": "2023-10-26 17:11:59,442", "name": "ROUTER", "levelname": "INFO", "message": "REQUEST COMPLETED request_id=6e52f44e-79e7-495e-b021-9e1f6e9a7f60 request_path=/docs completed_in=0.61ms status_code=200"}
{"asctime": "2023-10-26 17:11:59,709", "name": "ROUTER", "levelname": "INFO", "message": "REQUEST RATE LIMITTING INFO:  defaultdict(<class 'list'>, {})"}
{"asctime": "2023-10-26 17:11:59,709", "name": "ROUTER", "levelname": "INFO", "message": "REQUEST STARTED request_id=6fcaf354-5b05-4e76-bacb-5bd0ddca7897 request_path=/openapi.json ip= country=None "}
{"asctime": "2023-10-26 17:11:59,727", "name": "ROUTER", "levelname": "INFO", "message": "REQUEST COMPLETED request_id=6fcaf354-5b05-4e76-bacb-5bd0ddca7897 request_path=/openapi.json completed_in=17.98ms status_code=200"}
{"asctime": "2023-10-26 17:12:12,451", "name": "ROUTER", "levelname": "INFO", "message": "REQUEST RATE LIMITTING INFO:  defaultdict(<class 'list'>, {})"}
{"asctime": "2023-10-26 17:12:12,452", "name": "ROUTER", "levelname": "INFO", "message": "REQUEST STARTED request_id=68fe9b91-4187-440a-be5e-f00da5714c16 request_path=/docs ip= country=None "}
{"asctime": "2023-10-26 17:12:12,455", "name": "ROUTER", "levelname": "INFO", "message": "REQUEST COMPLETED request_id=68fe9b91-4187-440a-be5e-f00da5714c16 request_path=/docs completed_in=2.59ms status_code=200"}
{"asctime": "2023-10-26 17:12:12,747", "name": "ROUTER", "levelname": "INFO", "message": "REQUEST RATE LIMITTING INFO:  defaultdict(<class 'list'>, {})"}
{"asctime": "2023-10-26 17:12:12,751", "name": "ROUTER", "levelname": "INFO", "message": "REQUEST STARTED request_id=32c9e6fd-9159-4a07-941f-08639d9000f3 request_path=/openapi.json ip= country=None "}
{"asctime": "2023-10-26 17:12:12,753", "name": "ROUTER", "levelname": "INFO", "message": "REQUEST COMPLETED request_id=32c9e6fd-9159-4a07-941f-08639d9000f3 request_path=/openapi.json completed_in=1.74ms status_code=200"}
{"asctime": "2023-10-26 17:12:15,302", "name": "ROUTER", "levelname": "INFO", "message": "REQUEST RATE LIMITTING INFO:  defaultdict(<class 'list'>, {})"}
{"asctime": "2023-10-26 17:12:15,303", "name": "ROUTER", "levelname": "INFO", "message": "REQUEST STARTED request_id=35392872-7720-49de-9ef4-607f906f76d6 request_path=/v1/chat/completions ip= country=None "}
{"asctime": "2023-10-26 17:13:41,963", "name": "ROUTER", "levelname": "INFO", "message": "REQUEST RATE LIMITTING INFO:  defaultdict(<class 'list'>, {})"}
{"asctime": "2023-10-26 17:13:41,964", "name": "ROUTER", "levelname": "INFO", "message": "REQUEST STARTED request_id=2baacc1a-18c4-48e8-88a1-3b725aab1c3b request_path=/ ip= country=None "}
{"asctime": "2023-10-26 17:13:41,967", "name": "ROUTER", "levelname": "INFO", "message": "REQUEST COMPLETED request_id=2baacc1a-18c4-48e8-88a1-3b725aab1c3b request_path=/ completed_in=2.53ms status_code=200"}
{"asctime": "2023-10-26 17:13:44,994", "name": "ROUTER", "levelname": "INFO", "message": "REQUEST RATE LIMITTING INFO:  defaultdict(<class 'list'>, {})"}
{"asctime": "2023-10-26 17:13:44,995", "name": "ROUTER", "levelname": "INFO", "message": "REQUEST STARTED request_id=fec41457-908b-40db-b14e-b78fddd5b486 request_path=/docs ip= country=None "}
{"asctime": "2023-10-26 17:13:45,005", "name": "ROUTER", "levelname": "INFO", "message": "REQUEST COMPLETED request_id=fec41457-908b-40db-b14e-b78fddd5b486 request_path=/docs completed_in=1.42ms status_code=200"}
{"asctime": "2023-10-26 17:13:45,196", "name": "ROUTER", "levelname": "INFO", "message": "REQUEST RATE LIMITTING INFO:  defaultdict(<class 'list'>, {})"}
{"asctime": "2023-10-26 17:13:45,197", "name": "ROUTER", "levelname": "INFO", "message": "REQUEST STARTED request_id=5222ea81-5664-4f42-bc3e-f889041a4af7 request_path=/openapi.json ip= country=None "}
{"asctime": "2023-10-26 17:13:45,235", "name": "ROUTER", "levelname": "INFO", "message": "REQUEST COMPLETED request_id=5222ea81-5664-4f42-bc3e-f889041a4af7 request_path=/openapi.json completed_in=37.97ms status_code=200"}
{"asctime": "2023-10-26 17:14:04,283", "name": "ROUTER", "levelname": "INFO", "message": "REQUEST RATE LIMITTING INFO:  defaultdict(<class 'list'>, {})"}
{"asctime": "2023-10-26 17:14:04,287", "name": "ROUTER", "levelname": "INFO", "message": "REQUEST STARTED request_id=233853b0-110d-4734-855b-dd31619d8f2e request_path=/docs ip= country=None "}
{"asctime": "2023-10-26 17:14:04,290", "name": "ROUTER", "levelname": "INFO", "message": "REQUEST COMPLETED request_id=233853b0-110d-4734-855b-dd31619d8f2e request_path=/docs completed_in=2.02ms status_code=200"}
{"asctime": "2023-10-26 17:14:04,521", "name": "ROUTER", "levelname": "INFO", "message": "REQUEST RATE LIMITTING INFO:  defaultdict(<class 'list'>, {})"}
{"asctime": "2023-10-26 17:14:04,521", "name": "ROUTER", "levelname": "INFO", "message": "REQUEST STARTED request_id=bd0e69ce-8df2-4d42-a6c3-e854717e75f5 request_path=/openapi.json ip= country=None "}
{"asctime": "2023-10-26 17:14:04,523", "name": "ROUTER", "levelname": "INFO", "message": "REQUEST COMPLETED request_id=bd0e69ce-8df2-4d42-a6c3-e854717e75f5 request_path=/openapi.json completed_in=1.60ms status_code=200"}
{"asctime": "2023-10-26 17:14:24,334", "name": "ROUTER", "levelname": "INFO", "message": "REQUEST RATE LIMITTING INFO:  defaultdict(<class 'list'>, {})"}
{"asctime": "2023-10-26 17:14:24,334", "name": "ROUTER", "levelname": "INFO", "message": "REQUEST STARTED request_id=d2dac0c2-87cb-4721-8b84-bb27eb71981e request_path=/ ip= country=None "}
{"asctime": "2023-10-26 17:14:24,335", "name": "ROUTER", "levelname": "INFO", "message": "REQUEST COMPLETED request_id=d2dac0c2-87cb-4721-8b84-bb27eb71981e request_path=/ completed_in=1.05ms status_code=200"}
{"asctime": "2023-10-26 17:14:33,597", "name": "ROUTER", "levelname": "INFO", "message": "REQUEST RATE LIMITTING INFO:  defaultdict(<class 'list'>, {})"}
{"asctime": "2023-10-26 17:14:33,611", "name": "ROUTER", "levelname": "INFO", "message": "REQUEST STARTED request_id=4c53368e-8b18-48d1-8ffe-ad481ecffb61 request_path=/docs ip= country=None "}
{"asctime": "2023-10-26 17:14:33,612", "name": "ROUTER", "levelname": "INFO", "message": "REQUEST COMPLETED request_id=4c53368e-8b18-48d1-8ffe-ad481ecffb61 request_path=/docs completed_in=0.57ms status_code=200"}
{"asctime": "2023-10-26 17:14:33,734", "name": "ROUTER", "levelname": "INFO", "message": "REQUEST RATE LIMITTING INFO:  defaultdict(<class 'list'>, {})"}
{"asctime": "2023-10-26 17:14:33,735", "name": "ROUTER", "levelname": "INFO", "message": "REQUEST STARTED request_id=eda74a0d-175d-49ff-8f40-e2492a35db0b request_path=/openapi.json ip= country=None "}
{"asctime": "2023-10-26 17:14:33,736", "name": "ROUTER", "levelname": "INFO", "message": "REQUEST COMPLETED request_id=eda74a0d-175d-49ff-8f40-e2492a35db0b request_path=/openapi.json completed_in=1.18ms status_code=200"}
{"asctime": "2023-10-26 17:15:20,633", "name": "ROUTER", "levelname": "INFO", "message": "REQUEST RATE LIMITTING INFO:  defaultdict(<class 'list'>, {})"}
{"asctime": "2023-10-26 17:15:20,634", "name": "ROUTER", "levelname": "INFO", "message": "REQUEST STARTED request_id=cc630e47-f264-4093-b8a8-c7c7a891b6e8 request_path=/docs ip= country=None "}
{"asctime": "2023-10-26 17:15:20,635", "name": "ROUTER", "levelname": "INFO", "message": "REQUEST COMPLETED request_id=cc630e47-f264-4093-b8a8-c7c7a891b6e8 request_path=/docs completed_in=1.06ms status_code=200"}
{"asctime": "2023-10-26 17:15:20,925", "name": "ROUTER", "levelname": "INFO", "message": "REQUEST RATE LIMITTING INFO:  defaultdict(<class 'list'>, {})"}
{"asctime": "2023-10-26 17:15:20,925", "name": "ROUTER", "levelname": "INFO", "message": "REQUEST STARTED request_id=4abd13d0-3092-433a-b905-f88b3b0abe01 request_path=/openapi.json ip= country=None "}
{"asctime": "2023-10-26 17:15:20,926", "name": "ROUTER", "levelname": "INFO", "message": "REQUEST COMPLETED request_id=4abd13d0-3092-433a-b905-f88b3b0abe01 request_path=/openapi.json completed_in=0.72ms status_code=200"}
{"asctime": "2023-10-26 17:15:55,345", "name": "ROUTER", "levelname": "INFO", "message": "REQUEST RATE LIMITTING INFO:  defaultdict(<class 'list'>, {})"}
{"asctime": "2023-10-26 17:15:55,345", "name": "ROUTER", "levelname": "INFO", "message": "REQUEST STARTED request_id=26f83dbe-65ff-46a1-96fa-961e2744f54e request_path=/docs ip= country=None "}
{"asctime": "2023-10-26 17:15:55,346", "name": "ROUTER", "levelname": "INFO", "message": "REQUEST COMPLETED request_id=26f83dbe-65ff-46a1-96fa-961e2744f54e request_path=/docs completed_in=0.53ms status_code=200"}
{"asctime": "2023-10-26 17:15:55,609", "name": "ROUTER", "levelname": "INFO", "message": "REQUEST RATE LIMITTING INFO:  defaultdict(<class 'list'>, {})"}
{"asctime": "2023-10-26 17:15:55,609", "name": "ROUTER", "levelname": "INFO", "message": "REQUEST STARTED request_id=c1b676b1-dc22-4fdb-9423-5475b58530f7 request_path=/openapi.json ip= country=None "}
{"asctime": "2023-10-26 17:15:55,627", "name": "ROUTER", "levelname": "INFO", "message": "REQUEST COMPLETED request_id=c1b676b1-dc22-4fdb-9423-5475b58530f7 request_path=/openapi.json completed_in=17.67ms status_code=200"}
{"asctime": "2023-10-26 17:15:58,338", "name": "ROUTER", "levelname": "INFO", "message": "REQUEST RATE LIMITTING INFO:  defaultdict(<class 'list'>, {})"}
{"asctime": "2023-10-26 17:15:58,338", "name": "ROUTER", "levelname": "INFO", "message": "REQUEST STARTED request_id=3cdd8704-f7ae-434c-a696-43ac1e4415c4 request_path=/v1/chat/completions ip= country=None "}
{"asctime": "2023-10-26 17:16:51,061", "name": "ROUTER", "levelname": "INFO", "message": "REQUEST RATE LIMITTING INFO:  defaultdict(<class 'list'>, {})"}
{"asctime": "2023-10-26 17:16:51,062", "name": "ROUTER", "levelname": "INFO", "message": "REQUEST STARTED request_id=0bac71ce-71de-43ae-b358-4728542240e5 request_path=/docs ip= country=None "}
{"asctime": "2023-10-26 17:16:51,063", "name": "ROUTER", "levelname": "INFO", "message": "REQUEST COMPLETED request_id=0bac71ce-71de-43ae-b358-4728542240e5 request_path=/docs completed_in=0.66ms status_code=200"}
{"asctime": "2023-10-26 17:16:51,237", "name": "ROUTER", "levelname": "INFO", "message": "REQUEST RATE LIMITTING INFO:  defaultdict(<class 'list'>, {})"}
{"asctime": "2023-10-26 17:16:51,237", "name": "ROUTER", "levelname": "INFO", "message": "REQUEST STARTED request_id=a5273de7-17fd-4855-823c-dd4295e0125d request_path=/openapi.json ip= country=None "}
{"asctime": "2023-10-26 17:16:51,271", "name": "ROUTER", "levelname": "INFO", "message": "REQUEST COMPLETED request_id=a5273de7-17fd-4855-823c-dd4295e0125d request_path=/openapi.json completed_in=33.11ms status_code=200"}
{"asctime": "2023-10-26 17:16:55,883", "name": "ROUTER", "levelname": "INFO", "message": "REQUEST RATE LIMITTING INFO:  defaultdict(<class 'list'>, {})"}
{"asctime": "2023-10-26 17:16:55,883", "name": "ROUTER", "levelname": "INFO", "message": "REQUEST STARTED request_id=5f2e2689-8d88-428c-b699-3bd908fbc897 request_path=/v1/chat/completions ip= country=None "}
{"asctime": "2023-10-26 17:17:30,439", "name": "ROUTER", "levelname": "ERROR", "message": "Error while handling request. request_id=5f2e2689-8d88-428c-b699-3bd908fbc897 request_path=/v1/chat/completions", "exc_info": "Traceback (most recent call last):\n  File \"/Users/kristjanpeterson/miniconda3/envs/router/lib/python3.10/site-packages/anyio/streams/memory.py\", line 98, in receive\n    return self.receive_nowait()\n  File \"/Users/kristjanpeterson/miniconda3/envs/router/lib/python3.10/site-packages/anyio/streams/memory.py\", line 93, in receive_nowait\n    raise WouldBlock\nanyio.WouldBlock\n\nDuring handling of the above exception, another exception occurred:\n\nTraceback (most recent call last):\n  File \"/Users/kristjanpeterson/miniconda3/envs/router/lib/python3.10/site-packages/starlette/middleware/base.py\", line 78, in call_next\n    message = await recv_stream.receive()\n  File \"/Users/kristjanpeterson/miniconda3/envs/router/lib/python3.10/site-packages/anyio/streams/memory.py\", line 118, in receive\n    raise EndOfStream\nanyio.EndOfStream\n\nDuring handling of the above exception, another exception occurred:\n\nTraceback (most recent call last):\n  File \"/Users/kristjanpeterson/Desktop/AGI/public/router/router/service/middleware/main_middleware.py\", line 73, in dispatch\n    response: Response = await call_next(request)\n  File \"/Users/kristjanpeterson/miniconda3/envs/router/lib/python3.10/site-packages/starlette/middleware/base.py\", line 84, in call_next\n    raise app_exc\n  File \"/Users/kristjanpeterson/miniconda3/envs/router/lib/python3.10/site-packages/starlette/middleware/base.py\", line 70, in coro\n    await self.app(scope, receive_or_disconnect, send_no_error)\n  File \"/Users/kristjanpeterson/miniconda3/envs/router/lib/python3.10/site-packages/starlette/middleware/cors.py\", line 91, in __call__\n    await self.simple_response(scope, receive, send, request_headers=headers)\n  File \"/Users/kristjanpeterson/miniconda3/envs/router/lib/python3.10/site-packages/starlette/middleware/cors.py\", line 146, in simple_response\n    await self.app(scope, receive, send)\n  File \"/Users/kristjanpeterson/miniconda3/envs/router/lib/python3.10/site-packages/starlette/middleware/exceptions.py\", line 79, in __call__\n    raise exc\n  File \"/Users/kristjanpeterson/miniconda3/envs/router/lib/python3.10/site-packages/starlette/middleware/exceptions.py\", line 68, in __call__\n    await self.app(scope, receive, sender)\n  File \"/Users/kristjanpeterson/miniconda3/envs/router/lib/python3.10/site-packages/fastapi/middleware/asyncexitstack.py\", line 20, in __call__\n    raise e\n  File \"/Users/kristjanpeterson/miniconda3/envs/router/lib/python3.10/site-packages/fastapi/middleware/asyncexitstack.py\", line 17, in __call__\n    await self.app(scope, receive, send)\n  File \"/Users/kristjanpeterson/miniconda3/envs/router/lib/python3.10/site-packages/starlette/routing.py\", line 718, in __call__\n    await route.handle(scope, receive, send)\n  File \"/Users/kristjanpeterson/miniconda3/envs/router/lib/python3.10/site-packages/starlette/routing.py\", line 276, in handle\n    await self.app(scope, receive, send)\n  File \"/Users/kristjanpeterson/miniconda3/envs/router/lib/python3.10/site-packages/starlette/routing.py\", line 66, in app\n    response = await func(request)\n  File \"/Users/kristjanpeterson/miniconda3/envs/router/lib/python3.10/site-packages/fastapi/routing.py\", line 292, in app\n    content = await serialize_response(\n  File \"/Users/kristjanpeterson/miniconda3/envs/router/lib/python3.10/site-packages/fastapi/routing.py\", line 155, in serialize_response\n    raise ResponseValidationError(\nfastapi.exceptions.ResponseValidationError: 6 validation errors:\n  {'type': 'missing', 'loc': ('response', 'id'), 'msg': 'Field required', 'input': {'error': {'message': \"None is not of type 'string' - 'messages.0.name'\", 'type': 'invalid_request_error', 'param': None, 'code': None}}, 'url': 'https://errors.pydantic.dev/2.4/v/missing'}\n  {'type': 'missing', 'loc': ('response', 'choices'), 'msg': 'Field required', 'input': {'error': {'message': \"None is not of type 'string' - 'messages.0.name'\", 'type': 'invalid_request_error', 'param': None, 'code': None}}, 'url': 'https://errors.pydantic.dev/2.4/v/missing'}\n  {'type': 'missing', 'loc': ('response', 'created'), 'msg': 'Field required', 'input': {'error': {'message': \"None is not of type 'string' - 'messages.0.name'\", 'type': 'invalid_request_error', 'param': None, 'code': None}}, 'url': 'https://errors.pydantic.dev/2.4/v/missing'}\n  {'type': 'missing', 'loc': ('response', 'model'), 'msg': 'Field required', 'input': {'error': {'message': \"None is not of type 'string' - 'messages.0.name'\", 'type': 'invalid_request_error', 'param': None, 'code': None}}, 'url': 'https://errors.pydantic.dev/2.4/v/missing'}\n  {'type': 'missing', 'loc': ('response', 'object'), 'msg': 'Field required', 'input': {'error': {'message': \"None is not of type 'string' - 'messages.0.name'\", 'type': 'invalid_request_error', 'param': None, 'code': None}}, 'url': 'https://errors.pydantic.dev/2.4/v/missing'}\n  {'type': 'missing', 'loc': ('response', 'usage'), 'msg': 'Field required', 'input': {'error': {'message': \"None is not of type 'string' - 'messages.0.name'\", 'type': 'invalid_request_error', 'param': None, 'code': None}}, 'url': 'https://errors.pydantic.dev/2.4/v/missing'}\n"}
{"asctime": "2023-10-26 17:17:49,901", "name": "ROUTER", "levelname": "INFO", "message": "REQUEST RATE LIMITTING INFO:  defaultdict(<class 'list'>, {})"}
{"asctime": "2023-10-26 17:17:49,902", "name": "ROUTER", "levelname": "INFO", "message": "REQUEST STARTED request_id=1024d18b-8d61-4779-9f53-342b29a0dc5d request_path=/v1/chat/completions ip= country=None "}
{"asctime": "2023-10-26 17:17:50,166", "name": "ROUTER", "levelname": "ERROR", "message": "Error while handling request. request_id=1024d18b-8d61-4779-9f53-342b29a0dc5d request_path=/v1/chat/completions", "exc_info": "Traceback (most recent call last):\n  File \"/Users/kristjanpeterson/miniconda3/envs/router/lib/python3.10/site-packages/anyio/streams/memory.py\", line 98, in receive\n    return self.receive_nowait()\n  File \"/Users/kristjanpeterson/miniconda3/envs/router/lib/python3.10/site-packages/anyio/streams/memory.py\", line 93, in receive_nowait\n    raise WouldBlock\nanyio.WouldBlock\n\nDuring handling of the above exception, another exception occurred:\n\nTraceback (most recent call last):\n  File \"/Users/kristjanpeterson/miniconda3/envs/router/lib/python3.10/site-packages/starlette/middleware/base.py\", line 78, in call_next\n    message = await recv_stream.receive()\n  File \"/Users/kristjanpeterson/miniconda3/envs/router/lib/python3.10/site-packages/anyio/streams/memory.py\", line 118, in receive\n    raise EndOfStream\nanyio.EndOfStream\n\nDuring handling of the above exception, another exception occurred:\n\nTraceback (most recent call last):\n  File \"/Users/kristjanpeterson/Desktop/AGI/public/router/router/service/middleware/main_middleware.py\", line 73, in dispatch\n    response: Response = await call_next(request)\n  File \"/Users/kristjanpeterson/miniconda3/envs/router/lib/python3.10/site-packages/starlette/middleware/base.py\", line 84, in call_next\n    raise app_exc\n  File \"/Users/kristjanpeterson/miniconda3/envs/router/lib/python3.10/site-packages/starlette/middleware/base.py\", line 70, in coro\n    await self.app(scope, receive_or_disconnect, send_no_error)\n  File \"/Users/kristjanpeterson/miniconda3/envs/router/lib/python3.10/site-packages/starlette/middleware/cors.py\", line 91, in __call__\n    await self.simple_response(scope, receive, send, request_headers=headers)\n  File \"/Users/kristjanpeterson/miniconda3/envs/router/lib/python3.10/site-packages/starlette/middleware/cors.py\", line 146, in simple_response\n    await self.app(scope, receive, send)\n  File \"/Users/kristjanpeterson/miniconda3/envs/router/lib/python3.10/site-packages/starlette/middleware/exceptions.py\", line 79, in __call__\n    raise exc\n  File \"/Users/kristjanpeterson/miniconda3/envs/router/lib/python3.10/site-packages/starlette/middleware/exceptions.py\", line 68, in __call__\n    await self.app(scope, receive, sender)\n  File \"/Users/kristjanpeterson/miniconda3/envs/router/lib/python3.10/site-packages/fastapi/middleware/asyncexitstack.py\", line 20, in __call__\n    raise e\n  File \"/Users/kristjanpeterson/miniconda3/envs/router/lib/python3.10/site-packages/fastapi/middleware/asyncexitstack.py\", line 17, in __call__\n    await self.app(scope, receive, send)\n  File \"/Users/kristjanpeterson/miniconda3/envs/router/lib/python3.10/site-packages/starlette/routing.py\", line 718, in __call__\n    await route.handle(scope, receive, send)\n  File \"/Users/kristjanpeterson/miniconda3/envs/router/lib/python3.10/site-packages/starlette/routing.py\", line 276, in handle\n    await self.app(scope, receive, send)\n  File \"/Users/kristjanpeterson/miniconda3/envs/router/lib/python3.10/site-packages/starlette/routing.py\", line 66, in app\n    response = await func(request)\n  File \"/Users/kristjanpeterson/miniconda3/envs/router/lib/python3.10/site-packages/fastapi/routing.py\", line 292, in app\n    content = await serialize_response(\n  File \"/Users/kristjanpeterson/miniconda3/envs/router/lib/python3.10/site-packages/fastapi/routing.py\", line 155, in serialize_response\n    raise ResponseValidationError(\nfastapi.exceptions.ResponseValidationError: 6 validation errors:\n  {'type': 'missing', 'loc': ('response', 'id'), 'msg': 'Field required', 'input': {'error': {'message': \"None is not of type 'object' - 'messages.0.function_call'\", 'type': 'invalid_request_error', 'param': None, 'code': None}}, 'url': 'https://errors.pydantic.dev/2.4/v/missing'}\n  {'type': 'missing', 'loc': ('response', 'choices'), 'msg': 'Field required', 'input': {'error': {'message': \"None is not of type 'object' - 'messages.0.function_call'\", 'type': 'invalid_request_error', 'param': None, 'code': None}}, 'url': 'https://errors.pydantic.dev/2.4/v/missing'}\n  {'type': 'missing', 'loc': ('response', 'created'), 'msg': 'Field required', 'input': {'error': {'message': \"None is not of type 'object' - 'messages.0.function_call'\", 'type': 'invalid_request_error', 'param': None, 'code': None}}, 'url': 'https://errors.pydantic.dev/2.4/v/missing'}\n  {'type': 'missing', 'loc': ('response', 'model'), 'msg': 'Field required', 'input': {'error': {'message': \"None is not of type 'object' - 'messages.0.function_call'\", 'type': 'invalid_request_error', 'param': None, 'code': None}}, 'url': 'https://errors.pydantic.dev/2.4/v/missing'}\n  {'type': 'missing', 'loc': ('response', 'object'), 'msg': 'Field required', 'input': {'error': {'message': \"None is not of type 'object' - 'messages.0.function_call'\", 'type': 'invalid_request_error', 'param': None, 'code': None}}, 'url': 'https://errors.pydantic.dev/2.4/v/missing'}\n  {'type': 'missing', 'loc': ('response', 'usage'), 'msg': 'Field required', 'input': {'error': {'message': \"None is not of type 'object' - 'messages.0.function_call'\", 'type': 'invalid_request_error', 'param': None, 'code': None}}, 'url': 'https://errors.pydantic.dev/2.4/v/missing'}\n"}
{"asctime": "2023-10-26 17:17:59,370", "name": "ROUTER", "levelname": "INFO", "message": "REQUEST RATE LIMITTING INFO:  defaultdict(<class 'list'>, {})"}
{"asctime": "2023-10-26 17:17:59,370", "name": "ROUTER", "levelname": "INFO", "message": "REQUEST STARTED request_id=22021e17-ccc3-4f99-95ce-1fbff22988ea request_path=/v1/chat/completions ip= country=None "}
{"asctime": "2023-10-26 17:19:43,891", "name": "ROUTER", "levelname": "ERROR", "message": "Error while handling request. request_id=22021e17-ccc3-4f99-95ce-1fbff22988ea request_path=/v1/chat/completions", "exc_info": "Traceback (most recent call last):\n  File \"/Users/kristjanpeterson/miniconda3/envs/router/lib/python3.10/site-packages/anyio/streams/memory.py\", line 98, in receive\n    return self.receive_nowait()\n  File \"/Users/kristjanpeterson/miniconda3/envs/router/lib/python3.10/site-packages/anyio/streams/memory.py\", line 93, in receive_nowait\n    raise WouldBlock\nanyio.WouldBlock\n\nDuring handling of the above exception, another exception occurred:\n\nTraceback (most recent call last):\n  File \"/Users/kristjanpeterson/miniconda3/envs/router/lib/python3.10/site-packages/starlette/middleware/base.py\", line 78, in call_next\n    message = await recv_stream.receive()\n  File \"/Users/kristjanpeterson/miniconda3/envs/router/lib/python3.10/site-packages/anyio/streams/memory.py\", line 118, in receive\n    raise EndOfStream\nanyio.EndOfStream\n\nDuring handling of the above exception, another exception occurred:\n\nTraceback (most recent call last):\n  File \"/Users/kristjanpeterson/Desktop/AGI/public/router/router/service/middleware/main_middleware.py\", line 73, in dispatch\n    response: Response = await call_next(request)\n  File \"/Users/kristjanpeterson/miniconda3/envs/router/lib/python3.10/site-packages/starlette/middleware/base.py\", line 84, in call_next\n    raise app_exc\n  File \"/Users/kristjanpeterson/miniconda3/envs/router/lib/python3.10/site-packages/starlette/middleware/base.py\", line 70, in coro\n    await self.app(scope, receive_or_disconnect, send_no_error)\n  File \"/Users/kristjanpeterson/miniconda3/envs/router/lib/python3.10/site-packages/starlette/middleware/cors.py\", line 91, in __call__\n    await self.simple_response(scope, receive, send, request_headers=headers)\n  File \"/Users/kristjanpeterson/miniconda3/envs/router/lib/python3.10/site-packages/starlette/middleware/cors.py\", line 146, in simple_response\n    await self.app(scope, receive, send)\n  File \"/Users/kristjanpeterson/miniconda3/envs/router/lib/python3.10/site-packages/starlette/middleware/exceptions.py\", line 79, in __call__\n    raise exc\n  File \"/Users/kristjanpeterson/miniconda3/envs/router/lib/python3.10/site-packages/starlette/middleware/exceptions.py\", line 68, in __call__\n    await self.app(scope, receive, sender)\n  File \"/Users/kristjanpeterson/miniconda3/envs/router/lib/python3.10/site-packages/fastapi/middleware/asyncexitstack.py\", line 20, in __call__\n    raise e\n  File \"/Users/kristjanpeterson/miniconda3/envs/router/lib/python3.10/site-packages/fastapi/middleware/asyncexitstack.py\", line 17, in __call__\n    await self.app(scope, receive, send)\n  File \"/Users/kristjanpeterson/miniconda3/envs/router/lib/python3.10/site-packages/starlette/routing.py\", line 718, in __call__\n    await route.handle(scope, receive, send)\n  File \"/Users/kristjanpeterson/miniconda3/envs/router/lib/python3.10/site-packages/starlette/routing.py\", line 276, in handle\n    await self.app(scope, receive, send)\n  File \"/Users/kristjanpeterson/miniconda3/envs/router/lib/python3.10/site-packages/starlette/routing.py\", line 66, in app\n    response = await func(request)\n  File \"/Users/kristjanpeterson/miniconda3/envs/router/lib/python3.10/site-packages/fastapi/routing.py\", line 292, in app\n    content = await serialize_response(\n  File \"/Users/kristjanpeterson/miniconda3/envs/router/lib/python3.10/site-packages/fastapi/routing.py\", line 155, in serialize_response\n    raise ResponseValidationError(\nfastapi.exceptions.ResponseValidationError: 6 validation errors:\n  {'type': 'missing', 'loc': ('response', 'id'), 'msg': 'Field required', 'input': {'error': {'message': \"None is not of type 'object' - 'messages.0.function_call'\", 'type': 'invalid_request_error', 'param': None, 'code': None}}, 'url': 'https://errors.pydantic.dev/2.4/v/missing'}\n  {'type': 'missing', 'loc': ('response', 'choices'), 'msg': 'Field required', 'input': {'error': {'message': \"None is not of type 'object' - 'messages.0.function_call'\", 'type': 'invalid_request_error', 'param': None, 'code': None}}, 'url': 'https://errors.pydantic.dev/2.4/v/missing'}\n  {'type': 'missing', 'loc': ('response', 'created'), 'msg': 'Field required', 'input': {'error': {'message': \"None is not of type 'object' - 'messages.0.function_call'\", 'type': 'invalid_request_error', 'param': None, 'code': None}}, 'url': 'https://errors.pydantic.dev/2.4/v/missing'}\n  {'type': 'missing', 'loc': ('response', 'model'), 'msg': 'Field required', 'input': {'error': {'message': \"None is not of type 'object' - 'messages.0.function_call'\", 'type': 'invalid_request_error', 'param': None, 'code': None}}, 'url': 'https://errors.pydantic.dev/2.4/v/missing'}\n  {'type': 'missing', 'loc': ('response', 'object'), 'msg': 'Field required', 'input': {'error': {'message': \"None is not of type 'object' - 'messages.0.function_call'\", 'type': 'invalid_request_error', 'param': None, 'code': None}}, 'url': 'https://errors.pydantic.dev/2.4/v/missing'}\n  {'type': 'missing', 'loc': ('response', 'usage'), 'msg': 'Field required', 'input': {'error': {'message': \"None is not of type 'object' - 'messages.0.function_call'\", 'type': 'invalid_request_error', 'param': None, 'code': None}}, 'url': 'https://errors.pydantic.dev/2.4/v/missing'}\n"}
{"asctime": "2023-10-26 17:20:18,851", "name": "ROUTER", "levelname": "INFO", "message": "REQUEST RATE LIMITTING INFO:  defaultdict(<class 'list'>, {})"}
{"asctime": "2023-10-26 17:20:18,852", "name": "ROUTER", "levelname": "INFO", "message": "REQUEST STARTED request_id=402639b4-af1e-42b2-9c7b-6222ac3aaa67 request_path=/docs ip= country=None "}
{"asctime": "2023-10-26 17:20:18,856", "name": "ROUTER", "levelname": "INFO", "message": "REQUEST COMPLETED request_id=402639b4-af1e-42b2-9c7b-6222ac3aaa67 request_path=/docs completed_in=3.59ms status_code=200"}
{"asctime": "2023-10-26 17:20:19,053", "name": "ROUTER", "levelname": "INFO", "message": "REQUEST RATE LIMITTING INFO:  defaultdict(<class 'list'>, {})"}
{"asctime": "2023-10-26 17:20:19,059", "name": "ROUTER", "levelname": "INFO", "message": "REQUEST STARTED request_id=81152c48-37d3-4aef-a2d6-85ae8ae1f068 request_path=/openapi.json ip= country=None "}
{"asctime": "2023-10-26 17:20:19,083", "name": "ROUTER", "levelname": "INFO", "message": "REQUEST COMPLETED request_id=81152c48-37d3-4aef-a2d6-85ae8ae1f068 request_path=/openapi.json completed_in=23.66ms status_code=200"}
{"asctime": "2023-10-26 17:20:23,192", "name": "ROUTER", "levelname": "INFO", "message": "REQUEST RATE LIMITTING INFO:  defaultdict(<class 'list'>, {})"}
{"asctime": "2023-10-26 17:20:23,193", "name": "ROUTER", "levelname": "INFO", "message": "REQUEST STARTED request_id=9824adae-6b37-434e-8a19-358fe1356de9 request_path=/v1/chat/completions ip= country=None "}
{"asctime": "2023-10-26 17:20:23,194", "name": "ROUTER", "levelname": "INFO", "message": "REQUEST COMPLETED request_id=9824adae-6b37-434e-8a19-358fe1356de9 request_path=/v1/chat/completions completed_in=0.92ms status_code=200"}
{"asctime": "2023-10-26 17:20:23,201", "name": "ROUTER", "levelname": "INFO", "message": "REQUEST RATE LIMITTING INFO:  defaultdict(<class 'list'>, {})"}
{"asctime": "2023-10-26 17:20:23,201", "name": "ROUTER", "levelname": "INFO", "message": "REQUEST STARTED request_id=6dd1d0d8-d778-42de-8184-2aecd4920b2a request_path=/v1/chat/completions ip= country=None "}
{"asctime": "2023-10-26 17:22:18,475", "name": "ROUTER", "levelname": "INFO", "message": "REQUEST RATE LIMITTING INFO:  defaultdict(<class 'list'>, {})"}
{"asctime": "2023-10-26 17:22:18,477", "name": "ROUTER", "levelname": "INFO", "message": "REQUEST STARTED request_id=f4b34863-d73d-4588-9619-79cc9b3365f2 request_path=/v1/chat/completions ip= country=None "}
{"asctime": "2023-10-26 17:22:37,786", "name": "ROUTER", "levelname": "INFO", "message": "REQUEST RATE LIMITTING INFO:  defaultdict(<class 'list'>, {})"}
{"asctime": "2023-10-26 17:22:37,787", "name": "ROUTER", "levelname": "INFO", "message": "REQUEST STARTED request_id=35ab09dd-c920-44ea-8fc0-2af3582bc17a request_path=/docs ip= country=None "}
{"asctime": "2023-10-26 17:22:37,788", "name": "ROUTER", "levelname": "INFO", "message": "REQUEST COMPLETED request_id=35ab09dd-c920-44ea-8fc0-2af3582bc17a request_path=/docs completed_in=0.79ms status_code=200"}
{"asctime": "2023-10-26 17:22:38,024", "name": "ROUTER", "levelname": "INFO", "message": "REQUEST RATE LIMITTING INFO:  defaultdict(<class 'list'>, {})"}
{"asctime": "2023-10-26 17:22:38,025", "name": "ROUTER", "levelname": "INFO", "message": "REQUEST STARTED request_id=d3558842-1591-44cf-b503-a75f920b16c5 request_path=/openapi.json ip= country=None "}
{"asctime": "2023-10-26 17:22:38,043", "name": "ROUTER", "levelname": "INFO", "message": "REQUEST COMPLETED request_id=d3558842-1591-44cf-b503-a75f920b16c5 request_path=/openapi.json completed_in=17.72ms status_code=200"}
{"asctime": "2023-10-26 17:22:40,501", "name": "ROUTER", "levelname": "INFO", "message": "REQUEST RATE LIMITTING INFO:  defaultdict(<class 'list'>, {})"}
{"asctime": "2023-10-26 17:22:40,501", "name": "ROUTER", "levelname": "INFO", "message": "REQUEST STARTED request_id=e604818e-2a09-48c0-93a4-fc41f446b2fd request_path=/v1/chat/completions ip= country=None "}
{"asctime": "2023-10-26 17:24:01,590", "name": "ROUTER", "levelname": "INFO", "message": "REQUEST RATE LIMITTING INFO:  defaultdict(<class 'list'>, {})"}
{"asctime": "2023-10-26 17:24:01,591", "name": "ROUTER", "levelname": "INFO", "message": "REQUEST STARTED request_id=ed0df966-2992-471a-a382-a9720e794621 request_path=/docs ip= country=None "}
{"asctime": "2023-10-26 17:24:01,591", "name": "ROUTER", "levelname": "INFO", "message": "REQUEST COMPLETED request_id=ed0df966-2992-471a-a382-a9720e794621 request_path=/docs completed_in=0.66ms status_code=200"}
{"asctime": "2023-10-26 17:24:01,861", "name": "ROUTER", "levelname": "INFO", "message": "REQUEST RATE LIMITTING INFO:  defaultdict(<class 'list'>, {})"}
{"asctime": "2023-10-26 17:24:01,861", "name": "ROUTER", "levelname": "INFO", "message": "REQUEST STARTED request_id=e6d25df0-75ad-404a-9406-71837c7df781 request_path=/openapi.json ip= country=None "}
{"asctime": "2023-10-26 17:24:01,887", "name": "ROUTER", "levelname": "INFO", "message": "REQUEST COMPLETED request_id=e6d25df0-75ad-404a-9406-71837c7df781 request_path=/openapi.json completed_in=25.15ms status_code=200"}
{"asctime": "2023-10-26 17:24:04,405", "name": "ROUTER", "levelname": "INFO", "message": "REQUEST RATE LIMITTING INFO:  defaultdict(<class 'list'>, {})"}
{"asctime": "2023-10-26 17:24:04,406", "name": "ROUTER", "levelname": "INFO", "message": "REQUEST STARTED request_id=cc532747-77ad-499b-bfd8-c93042cf6631 request_path=/v1/chat/completions ip= country=None "}
{"asctime": "2023-10-26 17:24:04,411", "name": "ROUTER", "levelname": "ERROR", "message": "Error while handling request. request_id=cc532747-77ad-499b-bfd8-c93042cf6631 request_path=/v1/chat/completions", "exc_info": "Traceback (most recent call last):\n  File \"/Users/kristjanpeterson/miniconda3/envs/router/lib/python3.10/site-packages/anyio/streams/memory.py\", line 98, in receive\n    return self.receive_nowait()\n  File \"/Users/kristjanpeterson/miniconda3/envs/router/lib/python3.10/site-packages/anyio/streams/memory.py\", line 93, in receive_nowait\n    raise WouldBlock\nanyio.WouldBlock\n\nDuring handling of the above exception, another exception occurred:\n\nTraceback (most recent call last):\n  File \"/Users/kristjanpeterson/miniconda3/envs/router/lib/python3.10/site-packages/starlette/middleware/base.py\", line 78, in call_next\n    message = await recv_stream.receive()\n  File \"/Users/kristjanpeterson/miniconda3/envs/router/lib/python3.10/site-packages/anyio/streams/memory.py\", line 118, in receive\n    raise EndOfStream\nanyio.EndOfStream\n\nDuring handling of the above exception, another exception occurred:\n\nTraceback (most recent call last):\n  File \"/Users/kristjanpeterson/Desktop/AGI/public/router/router/service/middleware/main_middleware.py\", line 73, in dispatch\n    response: Response = await call_next(request)\n  File \"/Users/kristjanpeterson/miniconda3/envs/router/lib/python3.10/site-packages/starlette/middleware/base.py\", line 84, in call_next\n    raise app_exc\n  File \"/Users/kristjanpeterson/miniconda3/envs/router/lib/python3.10/site-packages/starlette/middleware/base.py\", line 70, in coro\n    await self.app(scope, receive_or_disconnect, send_no_error)\n  File \"/Users/kristjanpeterson/miniconda3/envs/router/lib/python3.10/site-packages/starlette/middleware/cors.py\", line 91, in __call__\n    await self.simple_response(scope, receive, send, request_headers=headers)\n  File \"/Users/kristjanpeterson/miniconda3/envs/router/lib/python3.10/site-packages/starlette/middleware/cors.py\", line 146, in simple_response\n    await self.app(scope, receive, send)\n  File \"/Users/kristjanpeterson/miniconda3/envs/router/lib/python3.10/site-packages/starlette/middleware/exceptions.py\", line 79, in __call__\n    raise exc\n  File \"/Users/kristjanpeterson/miniconda3/envs/router/lib/python3.10/site-packages/starlette/middleware/exceptions.py\", line 68, in __call__\n    await self.app(scope, receive, sender)\n  File \"/Users/kristjanpeterson/miniconda3/envs/router/lib/python3.10/site-packages/fastapi/middleware/asyncexitstack.py\", line 20, in __call__\n    raise e\n  File \"/Users/kristjanpeterson/miniconda3/envs/router/lib/python3.10/site-packages/fastapi/middleware/asyncexitstack.py\", line 17, in __call__\n    await self.app(scope, receive, send)\n  File \"/Users/kristjanpeterson/miniconda3/envs/router/lib/python3.10/site-packages/starlette/routing.py\", line 718, in __call__\n    await route.handle(scope, receive, send)\n  File \"/Users/kristjanpeterson/miniconda3/envs/router/lib/python3.10/site-packages/starlette/routing.py\", line 276, in handle\n    await self.app(scope, receive, send)\n  File \"/Users/kristjanpeterson/miniconda3/envs/router/lib/python3.10/site-packages/starlette/routing.py\", line 66, in app\n    response = await func(request)\n  File \"/Users/kristjanpeterson/miniconda3/envs/router/lib/python3.10/site-packages/fastapi/routing.py\", line 274, in app\n    raw_response = await run_endpoint_function(\n  File \"/Users/kristjanpeterson/miniconda3/envs/router/lib/python3.10/site-packages/fastapi/routing.py\", line 191, in run_endpoint_function\n    return await dependant.call(**values)\n  File \"/Users/kristjanpeterson/Desktop/AGI/public/router/router/routers/routes/router_router.py\", line 31, in endpoint\n    if not request.get(\"functions\"):\n  File \"/Users/kristjanpeterson/miniconda3/envs/router/lib/python3.10/site-packages/pydantic/main.py\", line 759, in __getattr__\n    raise AttributeError(f'{type(self).__name__!r} object has no attribute {item!r}')\nAttributeError: 'ChatCompletionRequest' object has no attribute 'get'"}
{"asctime": "2023-10-26 17:24:19,587", "name": "ROUTER", "levelname": "INFO", "message": "REQUEST RATE LIMITTING INFO:  defaultdict(<class 'list'>, {})"}
{"asctime": "2023-10-26 17:24:19,587", "name": "ROUTER", "levelname": "INFO", "message": "REQUEST STARTED request_id=dbb4df57-2b80-4683-899c-36e02c8d7a3d request_path=/v1/chat/completions ip= country=None "}
{"asctime": "2023-10-26 17:25:16,750", "name": "ROUTER", "levelname": "INFO", "message": "REQUEST RATE LIMITTING INFO:  defaultdict(<class 'list'>, {})"}
{"asctime": "2023-10-26 17:25:16,750", "name": "ROUTER", "levelname": "INFO", "message": "REQUEST STARTED request_id=f3e89e2c-21f0-4ace-a3ee-ab28d47322f2 request_path=/docs ip= country=None "}
{"asctime": "2023-10-26 17:25:16,751", "name": "ROUTER", "levelname": "INFO", "message": "REQUEST COMPLETED request_id=f3e89e2c-21f0-4ace-a3ee-ab28d47322f2 request_path=/docs completed_in=0.61ms status_code=200"}
{"asctime": "2023-10-26 17:25:17,008", "name": "ROUTER", "levelname": "INFO", "message": "REQUEST RATE LIMITTING INFO:  defaultdict(<class 'list'>, {})"}
{"asctime": "2023-10-26 17:25:17,008", "name": "ROUTER", "levelname": "INFO", "message": "REQUEST STARTED request_id=2266b453-cda2-4e52-816a-b420212a00d6 request_path=/openapi.json ip= country=None "}
{"asctime": "2023-10-26 17:25:17,025", "name": "ROUTER", "levelname": "INFO", "message": "REQUEST COMPLETED request_id=2266b453-cda2-4e52-816a-b420212a00d6 request_path=/openapi.json completed_in=16.57ms status_code=200"}
{"asctime": "2023-10-26 17:25:19,480", "name": "ROUTER", "levelname": "INFO", "message": "REQUEST RATE LIMITTING INFO:  defaultdict(<class 'list'>, {})"}
{"asctime": "2023-10-26 17:25:19,480", "name": "ROUTER", "levelname": "INFO", "message": "REQUEST STARTED request_id=5997ca12-a437-414c-b1d6-3d44919eb2dc request_path=/v1/chat/completions ip= country=None "}
{"asctime": "2023-10-26 17:25:19,482", "name": "ROUTER", "levelname": "ERROR", "message": "Error while handling request. request_id=5997ca12-a437-414c-b1d6-3d44919eb2dc request_path=/v1/chat/completions", "exc_info": "Traceback (most recent call last):\n  File \"/Users/kristjanpeterson/miniconda3/envs/router/lib/python3.10/site-packages/anyio/streams/memory.py\", line 98, in receive\n    return self.receive_nowait()\n  File \"/Users/kristjanpeterson/miniconda3/envs/router/lib/python3.10/site-packages/anyio/streams/memory.py\", line 93, in receive_nowait\n    raise WouldBlock\nanyio.WouldBlock\n\nDuring handling of the above exception, another exception occurred:\n\nTraceback (most recent call last):\n  File \"/Users/kristjanpeterson/miniconda3/envs/router/lib/python3.10/site-packages/starlette/middleware/base.py\", line 78, in call_next\n    message = await recv_stream.receive()\n  File \"/Users/kristjanpeterson/miniconda3/envs/router/lib/python3.10/site-packages/anyio/streams/memory.py\", line 118, in receive\n    raise EndOfStream\nanyio.EndOfStream\n\nDuring handling of the above exception, another exception occurred:\n\nTraceback (most recent call last):\n  File \"/Users/kristjanpeterson/Desktop/AGI/public/router/router/service/middleware/main_middleware.py\", line 73, in dispatch\n    response: Response = await call_next(request)\n  File \"/Users/kristjanpeterson/miniconda3/envs/router/lib/python3.10/site-packages/starlette/middleware/base.py\", line 84, in call_next\n    raise app_exc\n  File \"/Users/kristjanpeterson/miniconda3/envs/router/lib/python3.10/site-packages/starlette/middleware/base.py\", line 70, in coro\n    await self.app(scope, receive_or_disconnect, send_no_error)\n  File \"/Users/kristjanpeterson/miniconda3/envs/router/lib/python3.10/site-packages/starlette/middleware/cors.py\", line 91, in __call__\n    await self.simple_response(scope, receive, send, request_headers=headers)\n  File \"/Users/kristjanpeterson/miniconda3/envs/router/lib/python3.10/site-packages/starlette/middleware/cors.py\", line 146, in simple_response\n    await self.app(scope, receive, send)\n  File \"/Users/kristjanpeterson/miniconda3/envs/router/lib/python3.10/site-packages/starlette/middleware/exceptions.py\", line 79, in __call__\n    raise exc\n  File \"/Users/kristjanpeterson/miniconda3/envs/router/lib/python3.10/site-packages/starlette/middleware/exceptions.py\", line 68, in __call__\n    await self.app(scope, receive, sender)\n  File \"/Users/kristjanpeterson/miniconda3/envs/router/lib/python3.10/site-packages/fastapi/middleware/asyncexitstack.py\", line 20, in __call__\n    raise e\n  File \"/Users/kristjanpeterson/miniconda3/envs/router/lib/python3.10/site-packages/fastapi/middleware/asyncexitstack.py\", line 17, in __call__\n    await self.app(scope, receive, send)\n  File \"/Users/kristjanpeterson/miniconda3/envs/router/lib/python3.10/site-packages/starlette/routing.py\", line 718, in __call__\n    await route.handle(scope, receive, send)\n  File \"/Users/kristjanpeterson/miniconda3/envs/router/lib/python3.10/site-packages/starlette/routing.py\", line 276, in handle\n    await self.app(scope, receive, send)\n  File \"/Users/kristjanpeterson/miniconda3/envs/router/lib/python3.10/site-packages/starlette/routing.py\", line 66, in app\n    response = await func(request)\n  File \"/Users/kristjanpeterson/miniconda3/envs/router/lib/python3.10/site-packages/fastapi/routing.py\", line 274, in app\n    raw_response = await run_endpoint_function(\n  File \"/Users/kristjanpeterson/miniconda3/envs/router/lib/python3.10/site-packages/fastapi/routing.py\", line 191, in run_endpoint_function\n    return await dependant.call(**values)\n  File \"/Users/kristjanpeterson/Desktop/AGI/public/router/router/routers/routes/router_router.py\", line 32, in endpoint\n    for key, value in request_input.items():\nRuntimeError: dictionary changed size during iteration"}
{"asctime": "2023-10-26 17:25:56,516", "name": "ROUTER", "levelname": "INFO", "message": "REQUEST RATE LIMITTING INFO:  defaultdict(<class 'list'>, {})"}
{"asctime": "2023-10-26 17:25:56,516", "name": "ROUTER", "levelname": "INFO", "message": "REQUEST STARTED request_id=5cddb555-e5a8-4bfb-8900-05d430947247 request_path=/v1/chat/completions ip= country=None "}
{"asctime": "2023-10-26 17:26:09,731", "name": "ROUTER", "levelname": "INFO", "message": "REQUEST RATE LIMITTING INFO:  defaultdict(<class 'list'>, {})"}
{"asctime": "2023-10-26 17:26:09,731", "name": "ROUTER", "levelname": "INFO", "message": "REQUEST STARTED request_id=6dfbd755-0cac-4889-9798-e45940f5531e request_path=/docs ip= country=None "}
{"asctime": "2023-10-26 17:26:09,733", "name": "ROUTER", "levelname": "INFO", "message": "REQUEST COMPLETED request_id=6dfbd755-0cac-4889-9798-e45940f5531e request_path=/docs completed_in=0.89ms status_code=200"}
{"asctime": "2023-10-26 17:26:09,974", "name": "ROUTER", "levelname": "INFO", "message": "REQUEST RATE LIMITTING INFO:  defaultdict(<class 'list'>, {})"}
{"asctime": "2023-10-26 17:26:09,975", "name": "ROUTER", "levelname": "INFO", "message": "REQUEST STARTED request_id=b4fd783e-f7f5-4f6a-98dd-62e3382e4f1d request_path=/openapi.json ip= country=None "}
{"asctime": "2023-10-26 17:26:09,993", "name": "ROUTER", "levelname": "INFO", "message": "REQUEST COMPLETED request_id=b4fd783e-f7f5-4f6a-98dd-62e3382e4f1d request_path=/openapi.json completed_in=17.97ms status_code=200"}
{"asctime": "2023-10-26 17:26:12,511", "name": "ROUTER", "levelname": "INFO", "message": "REQUEST RATE LIMITTING INFO:  defaultdict(<class 'list'>, {})"}
{"asctime": "2023-10-26 17:26:12,512", "name": "ROUTER", "levelname": "INFO", "message": "REQUEST STARTED request_id=89f1034b-8e80-4232-9e26-6553591d9936 request_path=/v1/chat/completions ip= country=None "}
{"asctime": "2023-10-26 17:26:19,072", "name": "ROUTER", "levelname": "INFO", "message": "REQUEST COMPLETED request_id=89f1034b-8e80-4232-9e26-6553591d9936 request_path=/v1/chat/completions completed_in=6559.94ms status_code=200"}
